DEBUG Forwarding newSession on session null to remote io.netty.channel.DefaultChannelId - -Dio.netty.machineId: a4:4e:31:ff:fe:e0:da:90 (auto-detected)
DEBUG AsyncHttpClient-1-2 io.netty.buffer.AbstractByteBuf - -Dio.netty.buffer.checkAccessible: true
DEBUG AsyncHttpClient-1-2 io.netty.buffer.AbstractByteBuf - -Dio.netty.buffer.checkBounds: true
DEBUG AsyncHttpClient-1-2 io.netty.util.ResourceLeakDetectorFactory - Loaded default ResourceLeakDetector: io.netty.util.ResourceLeakDetector@263c0d6d
DEBUG AsyncHttpClient-1-2 io.netty.util.Recycler - -Dio.netty.recycler.maxCapacityPerThread: 4096
DEBUG AsyncHttpClient-1-2 io.netty.util.Recycler - -Dio.netty.recycler.maxSharedCapacityFactor: 2
DEBUG AsyncHttpClient-1-2 io.netty.util.Recycler - -Dio.netty.recycler.linkCapacity: 16
DEBUG AsyncHttpClient-1-2 io.netty.util.Recycler - -Dio.netty.recycler.ratio: 8
DEBUG AsyncHttpClient-1-2 io.netty.util.Recycler - -Dio.netty.recycler.delayedQueue.ratio: 8
DEBUG AsyncHttpClient-1-2 io.netty.handler.codec.compression.Brotli - brotli4j not in the classpath; Brotli support will be unavailable.
DEBUG main io.netty.util.internal.ThreadLocalRandom - -Dio.netty.initialSeedUniquifier: 0x8078a5c891c1d949
INFO main opencart - open home page
DEBUG main freemarker.cache - Couldn't find template in cache for "index.ftl"("en", UTF-8, parsed); will try to load it.
DEBUG main freemarker.cache - TemplateLoader.findTemplateSource("index_en.ftl"): Not found
DEBUG main freemarker.cache - TemplateLoader.findTemplateSource("index.ftl"): Found
DEBUG main freemarker.cache - Loading template for "index.ftl"("en", UTF-8, parsed) from "jar:file:/C:/Users/LENOVO/.m2/repository/com/aventstack/extentreports/3.1.2/extentreports-3.1.2.jar!/com/aventstack/extentreports/view/html-report/index.ftl"
DEBUG main freemarker.cache - Couldn't find template in cache for "head.ftl"("en", UTF-8, parsed); will try to load it.
DEBUG main freemarker.cache - TemplateLoader.findTemplateSource("head_en.ftl"): Not found
DEBUG main freemarker.cache - TemplateLoader.findTemplateSource("head.ftl"): Found
DEBUG main freemarker.cache - Loading template for "head.ftl"("en", UTF-8, parsed) from "jar:file:/C:/Users/LENOVO/.m2/repository/com/aventstack/extentreports/3.1.2/extentreports-3.1.2.jar!/com/aventstack/extentreports/view/html-report/head.ftl"
DEBUG main freemarker.cache - Couldn't find template in cache for "nav.ftl"("en", UTF-8, parsed); will try to load it.
DEBUG main freemarker.cache - TemplateLoader.findTemplateSource("nav_en.ftl"): Not found
DEBUG main freemarker.cache - TemplateLoader.findTemplateSource("nav.ftl"): Found
DEBUG main freemarker.cache - Loading template for "nav.ftl"("en", UTF-8, parsed) from "jar:file:/C:/Users/LENOVO/.m2/repository/com/aventstack/extentreports/3.1.2/extentreports-3.1.2.jar!/com/aventstack/extentreports/view/html-report/nav.ftl"
DEBUG main freemarker.cache - Couldn't find template in cache for "test-view/test-view.ftl"("en", UTF-8, parsed); will try to load it.
DEBUG main freemarker.cache - TemplateLoader.findTemplateSource("test-view/test-view_en.ftl"): Not found
DEBUG main freemarker.cache - TemplateLoader.findTemplateSource("test-view/test-view.ftl"): Found
DEBUG main freemarker.cache - Loading template for "test-view/test-view.ftl"("en", UTF-8, parsed) from "jar:file:/C:/Users/LENOVO/.m2/repository/com/aventstack/extentreports/3.1.2/extentreports-3.1.2.jar!/com/aventstack/extentreports/view/html-report/test-view/test-view.ftl"
DEBUG main freemarker.cache - Couldn't find template in cache for "test-view/test-view-charts.ftl"("en", UTF-8, parsed); will try to load it.
DEBUG main freemarker.cache - TemplateLoader.findTemplateSource("test-view/test-view-charts_en.ftl"): Not found
DEBUG main freemarker.cache - TemplateLoader.findTemplateSource("test-view/test-view-charts.ftl"): Found
DEBUG main freemarker.cache - Loading template for "test-view/test-view-charts.ftl"("en", UTF-8, parsed) from "jar:file:/C:/Users/LENOVO/.m2/repository/com/aventstack/extentreports/3.1.2/extentreports-3.1.2.jar!/com/aventstack/extentreports/view/html-report/test-view/test-view-charts.ftl"
DEBUG main freemarker.cache - Couldn't find template in cache for "test-view/standard.ftl"("en", UTF-8, parsed); will try to load it.
DEBUG main freemarker.cache - TemplateLoader.findTemplateSource("test-view/standard_en.ftl"): Not found
DEBUG main freemarker.cache - TemplateLoader.findTemplateSource("test-view/standard.ftl"): Found
DEBUG main freemarker.cache - Loading template for "test-view/standard.ftl"("en", UTF-8, parsed) from "jar:file:/C:/Users/LENOVO/.m2/repository/com/aventstack/extentreports/3.1.2/extentreports-3.1.2.jar!/com/aventstack/extentreports/view/html-report/test-view/standard.ftl"
DEBUG main freemarker.cache - Couldn't find template in cache for "category-view/category-view.ftl"("en", UTF-8, parsed); will try to load it.
DEBUG main freemarker.cache - TemplateLoader.findTemplateSource("category-view/category-view_en.ftl"): Not found
DEBUG main freemarker.cache - TemplateLoader.findTemplateSource("category-view/category-view.ftl"): Found
DEBUG main freemarker.cache - Loading template for "category-view/category-view.ftl"("en", UTF-8, parsed) from "jar:file:/C:/Users/LENOVO/.m2/repository/com/aventstack/extentreports/3.1.2/extentreports-3.1.2.jar!/com/aventstack/extentreports/view/html-report/category-view/category-view.ftl"
DEBUG main freemarker.cache - Couldn't find template in cache for "author-view/author-view.ftl"("en", UTF-8, parsed); will try to load it.
DEBUG main freemarker.cache - TemplateLoader.findTemplateSource("author-view/author-view_en.ftl"): Not found
DEBUG main freemarker.cache - TemplateLoader.findTemplateSource("author-view/author-view.ftl"): Found
DEBUG main freemarker.cache - Loading template for "author-view/author-view.ftl"("en", UTF-8, parsed) from "jar:file:/C:/Users/LENOVO/.m2/repository/com/aventstack/extentreports/3.1.2/extentreports-3.1.2.jar!/com/aventstack/extentreports/view/html-report/author-view/author-view.ftl"
DEBUG main freemarker.cache - Couldn't find template in cache for "exception-view/exception-view.ftl"("en", UTF-8, parsed); will try to load it.
DEBUG main freemarker.cache - TemplateLoader.findTemplateSource("exception-view/exception-view_en.ftl"): Not found
DEBUG main freemarker.cache - TemplateLoader.findTemplateSource("exception-view/exception-view.ftl"): Found
DEBUG main freemarker.cache - Loading template for "exception-view/exception-view.ftl"("en", UTF-8, parsed) from "jar:file:/C:/Users/LENOVO/.m2/repository/com/aventstack/extentreports/3.1.2/extentreports-3.1.2.jar!/com/aventstack/extentreports/view/html-report/exception-view/exception-view.ftl"
DEBUG main freemarker.cache - Couldn't find template in cache for "dashboard-view/dashboard-view.ftl"("en", UTF-8, parsed); will try to load it.
DEBUG main freemarker.cache - TemplateLoader.findTemplateSource("dashboard-view/dashboard-view_en.ftl"): Not found
DEBUG main freemarker.cache - TemplateLoader.findTemplateSource("dashboard-view/dashboard-view.ftl"): Found
DEBUG main freemarker.cache - Loading template for "dashboard-view/dashboard-view.ftl"("en", UTF-8, parsed) from "jar:file:/C:/Users/LENOVO/.m2/repository/com/aventstack/extentreports/3.1.2/extentreports-3.1.2.jar!/com/aventstack/extentreports/view/html-report/dashboard-view/dashboard-view.ftl"
DEBUG main freemarker.cache - Couldn't find template in cache for "logs-view/testrunner-logs-view.ftl"("en", UTF-8, parsed); will try to load it.
DEBUG main freemarker.cache - TemplateLoader.findTemplateSource("logs-view/testrunner-logs-view_en.ftl"): Not found
DEBUG main freemarker.cache - TemplateLoader.findTemplateSource("logs-view/testrunner-logs-view.ftl"): Found
DEBUG main freemarker.cache - Loading template for "logs-view/testrunner-logs-view.ftl"("en", UTF-8, parsed) from "jar:file:/C:/Users/LENOVO/.m2/repository/com/aventstack/extentreports/3.1.2/extentreports-3.1.2.jar!/com/aventstack/extentreports/view/html-report/logs-view/testrunner-logs-view.ftl"
DEBUG main io.netty.util.internal.logging.InternalLoggerFactory - Using Log4J as the default logging framework
DEBUG main io.netty.util.ResourceLeakDetector - -Dio.netty.leakDetection.level: simple
DEBUG main io.netty.util.ResourceLeakDetector - -Dio.netty.leakDetection.targetRecords: 4
DEBUG main io.netty.util.ResourceLeakDetectorFactory - Loaded default ResourceLeakDetector: io.netty.util.ResourceLeakDetector@37efd131
DEBUG main io.netty.util.internal.PlatformDependent0 - -Dio.netty.noUnsafe: false
DEBUG main io.netty.util.internal.PlatformDependent0 - Java version: 17
DEBUG main io.netty.util.internal.PlatformDependent0 - sun.misc.Unsafe.theUnsafe: available
DEBUG main io.netty.util.internal.PlatformDependent0 - sun.misc.Unsafe.copyMemory: available
DEBUG main io.netty.util.internal.PlatformDependent0 - java.nio.Buffer.address: available
DEBUG main io.netty.util.internal.PlatformDependent0 - direct buffer constructor: unavailable: Reflective setAccessible(true) disabled
DEBUG main io.netty.util.internal.PlatformDependent0 - java.nio.Bits.unaligned: available, true
DEBUG main io.netty.util.internal.PlatformDependent0 - jdk.internal.misc.Unsafe.allocateUninitializedArray(int): unavailable: class io.netty.util.internal.PlatformDependent0$6 cannot access class jdk.internal.misc.Unsafe (in module java.base) because module java.base does not export jdk.internal.misc to unnamed module @6eebc39e
DEBUG main io.netty.util.internal.PlatformDependent0 - java.nio.DirectByteBuffer.<init>(long, int): unavailable
DEBUG main io.netty.util.internal.PlatformDependent - sun.misc.Unsafe: available
DEBUG main io.netty.util.internal.PlatformDependent - maxDirectMemory: 970981376 bytes (maybe)
DEBUG main io.netty.util.internal.PlatformDependent - -Dio.netty.tmpdir: C:\Users\LENOVO\AppData\Local\Temp (java.io.tmpdir)
DEBUG main io.netty.util.internal.PlatformDependent - -Dio.netty.bitMode: 64 (sun.arch.data.model)
DEBUG main io.netty.util.internal.PlatformDependent - Platform: Windows
DEBUG main io.netty.util.internal.PlatformDependent - -Dio.netty.maxDirectMemory: -1 bytes
DEBUG main io.netty.util.internal.PlatformDependent - -Dio.netty.uninitializedArrayAllocationThreshold: -1
DEBUG main io.netty.util.internal.CleanerJava9 - java.nio.ByteBuffer.cleaner(): available
DEBUG main io.netty.util.internal.PlatformDependent - -Dio.netty.noPreferDirect: false
DEBUG main io.netty.util.internal.PlatformDependent - org.jctools-core.MpscChunkedArrayQueue: available
DEBUG main io.netty.util.internal.InternalThreadLocalMap - -Dio.netty.threadLocalMap.stringBuilder.initialSize: 1024
DEBUG main io.netty.util.internal.InternalThreadLocalMap - -Dio.netty.threadLocalMap.stringBuilder.maxSize: 4096
DEBUG main io.netty.handler.ssl.JdkSslContext - Default protocols (JDK): [TLSv1.3, TLSv1.2] 
DEBUG main io.netty.handler.ssl.JdkSslContext - Default cipher suites (JDK): [TLS_ECDHE_ECDSA_WITH_AES_256_GCM_SHA384, TLS_ECDHE_ECDSA_WITH_AES_128_GCM_SHA256, TLS_ECDHE_RSA_WITH_AES_128_GCM_SHA256, TLS_ECDHE_RSA_WITH_AES_256_GCM_SHA384, TLS_ECDHE_RSA_WITH_AES_128_CBC_SHA, TLS_ECDHE_RSA_WITH_AES_256_CBC_SHA, TLS_RSA_WITH_AES_128_GCM_SHA256, TLS_RSA_WITH_AES_128_CBC_SHA, TLS_RSA_WITH_AES_256_CBC_SHA, TLS_AES_128_GCM_SHA256, TLS_AES_256_GCM_SHA384]
DEBUG main io.netty.channel.MultithreadEventLoopGroup - -Dio.netty.eventLoopThreads: 8
DEBUG main io.netty.channel.nio.NioEventLoop - -Dio.netty.noKeySetOptimization: false
DEBUG main io.netty.channel.nio.NioEventLoop - -Dio.netty.selectorAutoRebuildThreshold: 512
DEBUG main io.netty.buffer.PooledByteBufAllocator - -Dio.netty.allocator.numHeapArenas: 8
DEBUG main io.netty.buffer.PooledByteBufAllocator - -Dio.netty.allocator.numDirectArenas: 8
DEBUG main io.netty.buffer.PooledByteBufAllocator - -Dio.netty.allocator.pageSize: 8192
DEBUG main io.netty.buffer.PooledByteBufAllocator - -Dio.netty.allocator.maxOrder: 11
DEBUG main io.netty.buffer.PooledByteBufAllocator - -Dio.netty.allocator.chunkSize: 16777216
DEBUG main io.netty.buffer.PooledByteBufAllocator - -Dio.netty.allocator.smallCacheSize: 256
DEBUG main io.netty.buffer.PooledByteBufAllocator - -Dio.netty.allocator.normalCacheSize: 64
DEBUG main io.netty.buffer.PooledByteBufAllocator - -Dio.netty.allocator.maxCachedBufferCapacity: 32768
DEBUG main io.netty.buffer.PooledByteBufAllocator - -Dio.netty.allocator.cacheTrimInterval: 8192
DEBUG main io.netty.buffer.PooledByteBufAllocator - -Dio.netty.allocator.cacheTrimIntervalMillis: 0
DEBUG main io.netty.buffer.PooledByteBufAllocator - -Dio.netty.allocator.useCacheForAllThreads: true
DEBUG main io.netty.buffer.PooledByteBufAllocator - -Dio.netty.allocator.maxCachedByteBuffersPerChunk: 1023
DEBUG main io.netty.buffer.ByteBufUtil - -Dio.netty.allocator.type: pooled
DEBUG main io.netty.buffer.ByteBufUtil - -Dio.netty.threadLocalDirectBufferSize: 0
DEBUG main io.netty.buffer.ByteBufUtil - -Dio.netty.maxThreadLocalCharBufferSize: 16384
DEBUG Forwarding newSession on session null to remote io.netty.channel.DefaultChannelId - -Dio.netty.processId: 7180 (auto-detected)
DEBUG Forwarding newSession on session null to remote io.netty.util.NetUtil - -Djava.net.preferIPv4Stack: false
DEBUG Forwarding newSession on session null to remote io.netty.util.NetUtil - -Djava.net.preferIPv6Addresses: false
DEBUG Forwarding newSession on session null to remote io.netty.util.NetUtilInitializations - Loopback interface: lo (Software Loopback Interface 1, 127.0.0.1)
DEBUG Forwarding newSession on session null to remote io.netty.util.NetUtil - Failed to get SOMAXCONN from sysctl and file \proc\sys\net\core\somaxconn. Default: 200
DEBUG Forwarding newSession on session null to remote io.netty.channel.DefaultChannelId - -Dio.netty.machineId: a4:4e:31:ff:fe:e0:da:90 (auto-detected)
DEBUG AsyncHttpClient-1-2 io.netty.buffer.AbstractByteBuf - -Dio.netty.buffer.checkAccessible: true
DEBUG AsyncHttpClient-1-2 io.netty.buffer.AbstractByteBuf - -Dio.netty.buffer.checkBounds: true
DEBUG AsyncHttpClient-1-2 io.netty.util.ResourceLeakDetectorFactory - Loaded default ResourceLeakDetector: io.netty.util.ResourceLeakDetector@263c0d6d
DEBUG AsyncHttpClient-1-2 io.netty.util.Recycler - -Dio.netty.recycler.maxCapacityPerThread: 4096
DEBUG AsyncHttpClient-1-2 io.netty.util.Recycler - -Dio.netty.recycler.maxSharedCapacityFactor: 2
DEBUG AsyncHttpClient-1-2 io.netty.util.Recycler - -Dio.netty.recycler.linkCapacity: 16
DEBUG AsyncHttpClient-1-2 io.netty.util.Recycler - -Dio.netty.recycler.ratio: 8
DEBUG AsyncHttpClient-1-2 io.netty.util.Recycler - -Dio.netty.recycler.delayedQueue.ratio: 8
DEBUG main io.netty.util.internal.logging.InternalLoggerFactory - Using Log4J as the default logging framework
DEBUG main io.netty.util.ResourceLeakDetector - -Dio.netty.leakDetection.level: simple
DEBUG main io.netty.util.ResourceLeakDetector - -Dio.netty.leakDetection.targetRecords: 4
DEBUG main io.netty.util.ResourceLeakDetectorFactory - Loaded default ResourceLeakDetector: io.netty.util.ResourceLeakDetector@616fe72b
DEBUG main io.netty.util.internal.PlatformDependent0 - -Dio.netty.noUnsafe: false
DEBUG main io.netty.util.internal.PlatformDependent0 - Java version: 17
DEBUG main io.netty.util.internal.PlatformDependent0 - sun.misc.Unsafe.theUnsafe: available
DEBUG main io.netty.util.internal.PlatformDependent0 - sun.misc.Unsafe.copyMemory: available
DEBUG main io.netty.util.internal.PlatformDependent0 - java.nio.Buffer.address: available
DEBUG main io.netty.util.internal.PlatformDependent0 - direct buffer constructor: unavailable: Reflective setAccessible(true) disabled
DEBUG main io.netty.util.internal.PlatformDependent0 - java.nio.Bits.unaligned: available, true
DEBUG main io.netty.util.internal.PlatformDependent0 - jdk.internal.misc.Unsafe.allocateUninitializedArray(int): unavailable: class io.netty.util.internal.PlatformDependent0$6 cannot access class jdk.internal.misc.Unsafe (in module java.base) because module java.base does not export jdk.internal.misc to unnamed module @6eebc39e
DEBUG main io.netty.util.internal.PlatformDependent0 - java.nio.DirectByteBuffer.<init>(long, int): unavailable
DEBUG main io.netty.util.internal.PlatformDependent - sun.misc.Unsafe: available
DEBUG main io.netty.util.internal.PlatformDependent - maxDirectMemory: 970981376 bytes (maybe)
DEBUG main io.netty.util.internal.PlatformDependent - -Dio.netty.tmpdir: C:\Users\LENOVO\AppData\Local\Temp (java.io.tmpdir)
DEBUG main io.netty.util.internal.PlatformDependent - -Dio.netty.bitMode: 64 (sun.arch.data.model)
DEBUG main io.netty.util.internal.PlatformDependent - Platform: Windows
DEBUG main io.netty.util.internal.PlatformDependent - -Dio.netty.maxDirectMemory: -1 bytes
DEBUG main io.netty.util.internal.PlatformDependent - -Dio.netty.uninitializedArrayAllocationThreshold: -1
DEBUG main io.netty.util.internal.CleanerJava9 - java.nio.ByteBuffer.cleaner(): available
DEBUG main io.netty.util.internal.PlatformDependent - -Dio.netty.noPreferDirect: false
DEBUG main io.netty.util.internal.PlatformDependent - org.jctools-core.MpscChunkedArrayQueue: available
DEBUG main io.netty.util.internal.InternalThreadLocalMap - -Dio.netty.threadLocalMap.stringBuilder.initialSize: 1024
DEBUG main io.netty.util.internal.InternalThreadLocalMap - -Dio.netty.threadLocalMap.stringBuilder.maxSize: 4096
DEBUG main io.netty.handler.ssl.JdkSslContext - Default protocols (JDK): [TLSv1.3, TLSv1.2] 
DEBUG main io.netty.handler.ssl.JdkSslContext - Default cipher suites (JDK): [TLS_ECDHE_ECDSA_WITH_AES_256_GCM_SHA384, TLS_ECDHE_ECDSA_WITH_AES_128_GCM_SHA256, TLS_ECDHE_RSA_WITH_AES_128_GCM_SHA256, TLS_ECDHE_RSA_WITH_AES_256_GCM_SHA384, TLS_ECDHE_RSA_WITH_AES_128_CBC_SHA, TLS_ECDHE_RSA_WITH_AES_256_CBC_SHA, TLS_RSA_WITH_AES_128_GCM_SHA256, TLS_RSA_WITH_AES_128_CBC_SHA, TLS_RSA_WITH_AES_256_CBC_SHA, TLS_AES_128_GCM_SHA256, TLS_AES_256_GCM_SHA384]
DEBUG main io.netty.channel.MultithreadEventLoopGroup - -Dio.netty.eventLoopThreads: 8
DEBUG main io.netty.channel.nio.NioEventLoop - -Dio.netty.noKeySetOptimization: false
DEBUG main io.netty.channel.nio.NioEventLoop - -Dio.netty.selectorAutoRebuildThreshold: 512
DEBUG main io.netty.buffer.PooledByteBufAllocator - -Dio.netty.allocator.numHeapArenas: 8
DEBUG main io.netty.buffer.PooledByteBufAllocator - -Dio.netty.allocator.numDirectArenas: 8
DEBUG main io.netty.buffer.PooledByteBufAllocator - -Dio.netty.allocator.pageSize: 8192
DEBUG main io.netty.buffer.PooledByteBufAllocator - -Dio.netty.allocator.maxOrder: 11
DEBUG main io.netty.buffer.PooledByteBufAllocator - -Dio.netty.allocator.chunkSize: 16777216
DEBUG main io.netty.buffer.PooledByteBufAllocator - -Dio.netty.allocator.smallCacheSize: 256
DEBUG main io.netty.buffer.PooledByteBufAllocator - -Dio.netty.allocator.normalCacheSize: 64
DEBUG main io.netty.buffer.PooledByteBufAllocator - -Dio.netty.allocator.maxCachedBufferCapacity: 32768
DEBUG main io.netty.buffer.PooledByteBufAllocator - -Dio.netty.allocator.cacheTrimInterval: 8192
DEBUG main io.netty.buffer.PooledByteBufAllocator - -Dio.netty.allocator.cacheTrimIntervalMillis: 0
DEBUG main io.netty.buffer.PooledByteBufAllocator - -Dio.netty.allocator.useCacheForAllThreads: true
DEBUG main io.netty.buffer.PooledByteBufAllocator - -Dio.netty.allocator.maxCachedByteBuffersPerChunk: 1023
DEBUG main io.netty.buffer.ByteBufUtil - -Dio.netty.allocator.type: pooled
DEBUG main io.netty.buffer.ByteBufUtil - -Dio.netty.threadLocalDirectBufferSize: 0
DEBUG main io.netty.buffer.ByteBufUtil - -Dio.netty.maxThreadLocalCharBufferSize: 16384
DEBUG Forwarding newSession on session null to remote io.netty.channel.DefaultChannelId - -Dio.netty.processId: 8064 (auto-detected)
DEBUG Forwarding newSession on session null to remote io.netty.util.NetUtil - -Djava.net.preferIPv4Stack: false
DEBUG Forwarding newSession on session null to remote io.netty.util.NetUtil - -Djava.net.preferIPv6Addresses: false
DEBUG Forwarding newSession on session null to remote io.netty.util.NetUtilInitializations - Loopback interface: lo (Software Loopback Interface 1, 127.0.0.1)
DEBUG Forwarding newSession on session null to remote io.netty.util.NetUtil - Failed to get SOMAXCONN from sysctl and file \proc\sys\net\core\somaxconn. Default: 200
DEBUG Forwarding newSession on session null to remote io.netty.channel.DefaultChannelId - -Dio.netty.machineId: a4:4e:31:ff:fe:e0:da:90 (auto-detected)
DEBUG AsyncHttpClient-1-2 io.netty.buffer.AbstractByteBuf - -Dio.netty.buffer.checkAccessible: true
DEBUG AsyncHttpClient-1-2 io.netty.buffer.AbstractByteBuf - -Dio.netty.buffer.checkBounds: true
DEBUG AsyncHttpClient-1-2 io.netty.util.ResourceLeakDetectorFactory - Loaded default ResourceLeakDetector: io.netty.util.ResourceLeakDetector@1fca3669
DEBUG AsyncHttpClient-1-2 io.netty.util.Recycler - -Dio.netty.recycler.maxCapacityPerThread: 4096
DEBUG AsyncHttpClient-1-2 io.netty.util.Recycler - -Dio.netty.recycler.maxSharedCapacityFactor: 2
DEBUG AsyncHttpClient-1-2 io.netty.util.Recycler - -Dio.netty.recycler.linkCapacity: 16
DEBUG AsyncHttpClient-1-2 io.netty.util.Recycler - -Dio.netty.recycler.ratio: 8
DEBUG AsyncHttpClient-1-2 io.netty.util.Recycler - -Dio.netty.recycler.delayedQueue.ratio: 8
DEBUG AsyncHttpClient-1-2 io.netty.handler.codec.compression.Brotli - brotli4j not in the classpath; Brotli support will be unavailable.
DEBUG main io.netty.util.internal.ThreadLocalRandom - -Dio.netty.initialSeedUniquifier: 0xa53d360b03bae13c
INFO main opencart - open home page
DEBUG main freemarker.cache - Couldn't find template in cache for "index.ftl"("en", UTF-8, parsed); will try to load it.
DEBUG main freemarker.cache - TemplateLoader.findTemplateSource("index_en.ftl"): Not found
DEBUG main freemarker.cache - TemplateLoader.findTemplateSource("index.ftl"): Found
DEBUG main freemarker.cache - Loading template for "index.ftl"("en", UTF-8, parsed) from "jar:file:/C:/Users/LENOVO/.m2/repository/com/aventstack/extentreports/3.1.2/extentreports-3.1.2.jar!/com/aventstack/extentreports/view/html-report/index.ftl"
DEBUG main freemarker.cache - Couldn't find template in cache for "head.ftl"("en", UTF-8, parsed); will try to load it.
DEBUG main freemarker.cache - TemplateLoader.findTemplateSource("head_en.ftl"): Not found
DEBUG main freemarker.cache - TemplateLoader.findTemplateSource("head.ftl"): Found
DEBUG main freemarker.cache - Loading template for "head.ftl"("en", UTF-8, parsed) from "jar:file:/C:/Users/LENOVO/.m2/repository/com/aventstack/extentreports/3.1.2/extentreports-3.1.2.jar!/com/aventstack/extentreports/view/html-report/head.ftl"
DEBUG main freemarker.cache - Couldn't find template in cache for "nav.ftl"("en", UTF-8, parsed); will try to load it.
DEBUG main freemarker.cache - TemplateLoader.findTemplateSource("nav_en.ftl"): Not found
DEBUG main freemarker.cache - TemplateLoader.findTemplateSource("nav.ftl"): Found
DEBUG main freemarker.cache - Loading template for "nav.ftl"("en", UTF-8, parsed) from "jar:file:/C:/Users/LENOVO/.m2/repository/com/aventstack/extentreports/3.1.2/extentreports-3.1.2.jar!/com/aventstack/extentreports/view/html-report/nav.ftl"
DEBUG main freemarker.cache - Couldn't find template in cache for "test-view/test-view.ftl"("en", UTF-8, parsed); will try to load it.
DEBUG main freemarker.cache - TemplateLoader.findTemplateSource("test-view/test-view_en.ftl"): Not found
DEBUG main freemarker.cache - TemplateLoader.findTemplateSource("test-view/test-view.ftl"): Found
DEBUG main freemarker.cache - Loading template for "test-view/test-view.ftl"("en", UTF-8, parsed) from "jar:file:/C:/Users/LENOVO/.m2/repository/com/aventstack/extentreports/3.1.2/extentreports-3.1.2.jar!/com/aventstack/extentreports/view/html-report/test-view/test-view.ftl"
DEBUG main freemarker.cache - Couldn't find template in cache for "test-view/test-view-charts.ftl"("en", UTF-8, parsed); will try to load it.
DEBUG main freemarker.cache - TemplateLoader.findTemplateSource("test-view/test-view-charts_en.ftl"): Not found
DEBUG main freemarker.cache - TemplateLoader.findTemplateSource("test-view/test-view-charts.ftl"): Found
DEBUG main freemarker.cache - Loading template for "test-view/test-view-charts.ftl"("en", UTF-8, parsed) from "jar:file:/C:/Users/LENOVO/.m2/repository/com/aventstack/extentreports/3.1.2/extentreports-3.1.2.jar!/com/aventstack/extentreports/view/html-report/test-view/test-view-charts.ftl"
DEBUG main freemarker.cache - Couldn't find template in cache for "test-view/standard.ftl"("en", UTF-8, parsed); will try to load it.
DEBUG main freemarker.cache - TemplateLoader.findTemplateSource("test-view/standard_en.ftl"): Not found
DEBUG main freemarker.cache - TemplateLoader.findTemplateSource("test-view/standard.ftl"): Found
DEBUG main freemarker.cache - Loading template for "test-view/standard.ftl"("en", UTF-8, parsed) from "jar:file:/C:/Users/LENOVO/.m2/repository/com/aventstack/extentreports/3.1.2/extentreports-3.1.2.jar!/com/aventstack/extentreports/view/html-report/test-view/standard.ftl"
DEBUG main freemarker.cache - Couldn't find template in cache for "category-view/category-view.ftl"("en", UTF-8, parsed); will try to load it.
DEBUG main freemarker.cache - TemplateLoader.findTemplateSource("category-view/category-view_en.ftl"): Not found
DEBUG main freemarker.cache - TemplateLoader.findTemplateSource("category-view/category-view.ftl"): Found
DEBUG main freemarker.cache - Loading template for "category-view/category-view.ftl"("en", UTF-8, parsed) from "jar:file:/C:/Users/LENOVO/.m2/repository/com/aventstack/extentreports/3.1.2/extentreports-3.1.2.jar!/com/aventstack/extentreports/view/html-report/category-view/category-view.ftl"
DEBUG main freemarker.cache - Couldn't find template in cache for "author-view/author-view.ftl"("en", UTF-8, parsed); will try to load it.
DEBUG main freemarker.cache - TemplateLoader.findTemplateSource("author-view/author-view_en.ftl"): Not found
DEBUG main freemarker.cache - TemplateLoader.findTemplateSource("author-view/author-view.ftl"): Found
DEBUG main freemarker.cache - Loading template for "author-view/author-view.ftl"("en", UTF-8, parsed) from "jar:file:/C:/Users/LENOVO/.m2/repository/com/aventstack/extentreports/3.1.2/extentreports-3.1.2.jar!/com/aventstack/extentreports/view/html-report/author-view/author-view.ftl"
DEBUG main freemarker.cache - Couldn't find template in cache for "exception-view/exception-view.ftl"("en", UTF-8, parsed); will try to load it.
DEBUG main freemarker.cache - TemplateLoader.findTemplateSource("exception-view/exception-view_en.ftl"): Not found
DEBUG main freemarker.cache - TemplateLoader.findTemplateSource("exception-view/exception-view.ftl"): Found
DEBUG main freemarker.cache - Loading template for "exception-view/exception-view.ftl"("en", UTF-8, parsed) from "jar:file:/C:/Users/LENOVO/.m2/repository/com/aventstack/extentreports/3.1.2/extentreports-3.1.2.jar!/com/aventstack/extentreports/view/html-report/exception-view/exception-view.ftl"
DEBUG main freemarker.cache - Couldn't find template in cache for "dashboard-view/dashboard-view.ftl"("en", UTF-8, parsed); will try to load it.
DEBUG main freemarker.cache - TemplateLoader.findTemplateSource("dashboard-view/dashboard-view_en.ftl"): Not found
DEBUG main freemarker.cache - TemplateLoader.findTemplateSource("dashboard-view/dashboard-view.ftl"): Found
DEBUG main freemarker.cache - Loading template for "dashboard-view/dashboard-view.ftl"("en", UTF-8, parsed) from "jar:file:/C:/Users/LENOVO/.m2/repository/com/aventstack/extentreports/3.1.2/extentreports-3.1.2.jar!/com/aventstack/extentreports/view/html-report/dashboard-view/dashboard-view.ftl"
DEBUG main freemarker.cache - Couldn't find template in cache for "logs-view/testrunner-logs-view.ftl"("en", UTF-8, parsed); will try to load it.
DEBUG main freemarker.cache - TemplateLoader.findTemplateSource("logs-view/testrunner-logs-view_en.ftl"): Not found
DEBUG main freemarker.cache - TemplateLoader.findTemplateSource("logs-view/testrunner-logs-view.ftl"): Found
DEBUG main freemarker.cache - Loading template for "logs-view/testrunner-logs-view.ftl"("en", UTF-8, parsed) from "jar:file:/C:/Users/LENOVO/.m2/repository/com/aventstack/extentreports/3.1.2/extentreports-3.1.2.jar!/com/aventstack/extentreports/view/html-report/logs-view/testrunner-logs-view.ftl"
DEBUG main io.netty.util.internal.logging.InternalLoggerFactory - Using Log4J as the default logging framework
DEBUG main io.netty.util.ResourceLeakDetector - -Dio.netty.leakDetection.level: simple
DEBUG main io.netty.util.ResourceLeakDetector - -Dio.netty.leakDetection.targetRecords: 4
DEBUG main io.netty.util.ResourceLeakDetectorFactory - Loaded default ResourceLeakDetector: io.netty.util.ResourceLeakDetector@37efd131
DEBUG main io.netty.util.internal.PlatformDependent0 - -Dio.netty.noUnsafe: false
DEBUG main io.netty.util.internal.PlatformDependent0 - Java version: 17
DEBUG main io.netty.util.internal.PlatformDependent0 - sun.misc.Unsafe.theUnsafe: available
DEBUG main io.netty.util.internal.PlatformDependent0 - sun.misc.Unsafe.copyMemory: available
DEBUG main io.netty.util.internal.PlatformDependent0 - java.nio.Buffer.address: available
DEBUG main io.netty.util.internal.PlatformDependent0 - direct buffer constructor: unavailable: Reflective setAccessible(true) disabled
DEBUG main io.netty.util.internal.PlatformDependent0 - java.nio.Bits.unaligned: available, true
DEBUG main io.netty.util.internal.PlatformDependent0 - jdk.internal.misc.Unsafe.allocateUninitializedArray(int): unavailable: class io.netty.util.internal.PlatformDependent0$6 cannot access class jdk.internal.misc.Unsafe (in module java.base) because module java.base does not export jdk.internal.misc to unnamed module @6eebc39e
DEBUG main io.netty.util.internal.PlatformDependent0 - java.nio.DirectByteBuffer.<init>(long, int): unavailable
DEBUG main io.netty.util.internal.PlatformDependent - sun.misc.Unsafe: available
DEBUG main io.netty.util.internal.PlatformDependent - maxDirectMemory: 970981376 bytes (maybe)
DEBUG main io.netty.util.internal.PlatformDependent - -Dio.netty.tmpdir: C:\Users\LENOVO\AppData\Local\Temp (java.io.tmpdir)
DEBUG main io.netty.util.internal.PlatformDependent - -Dio.netty.bitMode: 64 (sun.arch.data.model)
DEBUG main io.netty.util.internal.PlatformDependent - Platform: Windows
DEBUG main io.netty.util.internal.PlatformDependent - -Dio.netty.maxDirectMemory: -1 bytes
DEBUG main io.netty.util.internal.PlatformDependent - -Dio.netty.uninitializedArrayAllocationThreshold: -1
DEBUG main io.netty.util.internal.CleanerJava9 - java.nio.ByteBuffer.cleaner(): available
DEBUG main io.netty.util.internal.PlatformDependent - -Dio.netty.noPreferDirect: false
DEBUG main io.netty.util.internal.PlatformDependent - org.jctools-core.MpscChunkedArrayQueue: available
DEBUG main io.netty.util.internal.InternalThreadLocalMap - -Dio.netty.threadLocalMap.stringBuilder.initialSize: 1024
DEBUG main io.netty.util.internal.InternalThreadLocalMap - -Dio.netty.threadLocalMap.stringBuilder.maxSize: 4096
DEBUG main io.netty.handler.ssl.JdkSslContext - Default protocols (JDK): [TLSv1.3, TLSv1.2] 
DEBUG main io.netty.handler.ssl.JdkSslContext - Default cipher suites (JDK): [TLS_ECDHE_ECDSA_WITH_AES_256_GCM_SHA384, TLS_ECDHE_ECDSA_WITH_AES_128_GCM_SHA256, TLS_ECDHE_RSA_WITH_AES_128_GCM_SHA256, TLS_ECDHE_RSA_WITH_AES_256_GCM_SHA384, TLS_ECDHE_RSA_WITH_AES_128_CBC_SHA, TLS_ECDHE_RSA_WITH_AES_256_CBC_SHA, TLS_RSA_WITH_AES_128_GCM_SHA256, TLS_RSA_WITH_AES_128_CBC_SHA, TLS_RSA_WITH_AES_256_CBC_SHA, TLS_AES_128_GCM_SHA256, TLS_AES_256_GCM_SHA384]
DEBUG main io.netty.channel.MultithreadEventLoopGroup - -Dio.netty.eventLoopThreads: 8
DEBUG main io.netty.channel.nio.NioEventLoop - -Dio.netty.noKeySetOptimization: false
DEBUG main io.netty.channel.nio.NioEventLoop - -Dio.netty.selectorAutoRebuildThreshold: 512
DEBUG main io.netty.buffer.PooledByteBufAllocator - -Dio.netty.allocator.numHeapArenas: 8
DEBUG main io.netty.buffer.PooledByteBufAllocator - -Dio.netty.allocator.numDirectArenas: 8
DEBUG main io.netty.buffer.PooledByteBufAllocator - -Dio.netty.allocator.pageSize: 8192
DEBUG main io.netty.buffer.PooledByteBufAllocator - -Dio.netty.allocator.maxOrder: 11
DEBUG main io.netty.buffer.PooledByteBufAllocator - -Dio.netty.allocator.chunkSize: 16777216
DEBUG main io.netty.buffer.PooledByteBufAllocator - -Dio.netty.allocator.smallCacheSize: 256
DEBUG main io.netty.buffer.PooledByteBufAllocator - -Dio.netty.allocator.normalCacheSize: 64
DEBUG main io.netty.buffer.PooledByteBufAllocator - -Dio.netty.allocator.maxCachedBufferCapacity: 32768
DEBUG main io.netty.buffer.PooledByteBufAllocator - -Dio.netty.allocator.cacheTrimInterval: 8192
DEBUG main io.netty.buffer.PooledByteBufAllocator - -Dio.netty.allocator.cacheTrimIntervalMillis: 0
DEBUG main io.netty.buffer.PooledByteBufAllocator - -Dio.netty.allocator.useCacheForAllThreads: true
DEBUG main io.netty.buffer.PooledByteBufAllocator - -Dio.netty.allocator.maxCachedByteBuffersPerChunk: 1023
DEBUG main io.netty.buffer.ByteBufUtil - -Dio.netty.allocator.type: pooled
DEBUG main io.netty.buffer.ByteBufUtil - -Dio.netty.threadLocalDirectBufferSize: 0
DEBUG main io.netty.buffer.ByteBufUtil - -Dio.netty.maxThreadLocalCharBufferSize: 16384
DEBUG Forwarding newSession on session null to remote io.netty.channel.DefaultChannelId - -Dio.netty.processId: 7096 (auto-detected)
DEBUG Forwarding newSession on session null to remote io.netty.util.NetUtil - -Djava.net.preferIPv4Stack: false
DEBUG Forwarding newSession on session null to remote io.netty.util.NetUtil - -Djava.net.preferIPv6Addresses: false
DEBUG Forwarding newSession on session null to remote io.netty.util.NetUtilInitializations - Loopback interface: lo (Software Loopback Interface 1, 127.0.0.1)
DEBUG Forwarding newSession on session null to remote io.netty.util.NetUtil - Failed to get SOMAXCONN from sysctl and file \proc\sys\net\core\somaxconn. Default: 200
DEBUG Forwarding newSession on session null to remote io.netty.channel.DefaultChannelId - -Dio.netty.machineId: a4:4e:31:ff:fe:e0:da:90 (auto-detected)
DEBUG AsyncHttpClient-1-2 io.netty.buffer.AbstractByteBuf - -Dio.netty.buffer.checkAccessible: true
DEBUG AsyncHttpClient-1-2 io.netty.buffer.AbstractByteBuf - -Dio.netty.buffer.checkBounds: true
DEBUG AsyncHttpClient-1-2 io.netty.util.ResourceLeakDetectorFactory - Loaded default ResourceLeakDetector: io.netty.util.ResourceLeakDetector@1fca3669
DEBUG AsyncHttpClient-1-2 io.netty.util.Recycler - -Dio.netty.recycler.maxCapacityPerThread: 4096
DEBUG AsyncHttpClient-1-2 io.netty.util.Recycler - -Dio.netty.recycler.maxSharedCapacityFactor: 2
DEBUG AsyncHttpClient-1-2 io.netty.util.Recycler - -Dio.netty.recycler.linkCapacity: 16
DEBUG AsyncHttpClient-1-2 io.netty.util.Recycler - -Dio.netty.recycler.ratio: 8
DEBUG AsyncHttpClient-1-2 io.netty.util.Recycler - -Dio.netty.recycler.delayedQueue.ratio: 8
DEBUG AsyncHttpClient-1-2 io.netty.handler.codec.compression.Brotli - brotli4j not in the classpath; Brotli support will be unavailable.
DEBUG main io.netty.util.internal.ThreadLocalRandom - -Dio.netty.initialSeedUniquifier: 0x21af0799df8d309f
INFO main opencart - open home page
DEBUG main freemarker.cache - Couldn't find template in cache for "index.ftl"("en", UTF-8, parsed); will try to load it.
DEBUG main freemarker.cache - TemplateLoader.findTemplateSource("index_en.ftl"): Not found
DEBUG main freemarker.cache - TemplateLoader.findTemplateSource("index.ftl"): Found
DEBUG main freemarker.cache - Loading template for "index.ftl"("en", UTF-8, parsed) from "jar:file:/C:/Users/LENOVO/.m2/repository/com/aventstack/extentreports/3.1.2/extentreports-3.1.2.jar!/com/aventstack/extentreports/view/html-report/index.ftl"
DEBUG main freemarker.cache - Couldn't find template in cache for "head.ftl"("en", UTF-8, parsed); will try to load it.
DEBUG main freemarker.cache - TemplateLoader.findTemplateSource("head_en.ftl"): Not found
DEBUG main freemarker.cache - TemplateLoader.findTemplateSource("head.ftl"): Found
DEBUG main freemarker.cache - Loading template for "head.ftl"("en", UTF-8, parsed) from "jar:file:/C:/Users/LENOVO/.m2/repository/com/aventstack/extentreports/3.1.2/extentreports-3.1.2.jar!/com/aventstack/extentreports/view/html-report/head.ftl"
DEBUG main freemarker.cache - Couldn't find template in cache for "nav.ftl"("en", UTF-8, parsed); will try to load it.
DEBUG main freemarker.cache - TemplateLoader.findTemplateSource("nav_en.ftl"): Not found
DEBUG main freemarker.cache - TemplateLoader.findTemplateSource("nav.ftl"): Found
DEBUG main freemarker.cache - Loading template for "nav.ftl"("en", UTF-8, parsed) from "jar:file:/C:/Users/LENOVO/.m2/repository/com/aventstack/extentreports/3.1.2/extentreports-3.1.2.jar!/com/aventstack/extentreports/view/html-report/nav.ftl"
DEBUG main freemarker.cache - Couldn't find template in cache for "test-view/test-view.ftl"("en", UTF-8, parsed); will try to load it.
DEBUG main freemarker.cache - TemplateLoader.findTemplateSource("test-view/test-view_en.ftl"): Not found
DEBUG main freemarker.cache - TemplateLoader.findTemplateSource("test-view/test-view.ftl"): Found
DEBUG main freemarker.cache - Loading template for "test-view/test-view.ftl"("en", UTF-8, parsed) from "jar:file:/C:/Users/LENOVO/.m2/repository/com/aventstack/extentreports/3.1.2/extentreports-3.1.2.jar!/com/aventstack/extentreports/view/html-report/test-view/test-view.ftl"
DEBUG main freemarker.cache - Couldn't find template in cache for "test-view/test-view-charts.ftl"("en", UTF-8, parsed); will try to load it.
DEBUG main freemarker.cache - TemplateLoader.findTemplateSource("test-view/test-view-charts_en.ftl"): Not found
DEBUG main freemarker.cache - TemplateLoader.findTemplateSource("test-view/test-view-charts.ftl"): Found
DEBUG main freemarker.cache - Loading template for "test-view/test-view-charts.ftl"("en", UTF-8, parsed) from "jar:file:/C:/Users/LENOVO/.m2/repository/com/aventstack/extentreports/3.1.2/extentreports-3.1.2.jar!/com/aventstack/extentreports/view/html-report/test-view/test-view-charts.ftl"
DEBUG main freemarker.cache - Couldn't find template in cache for "test-view/standard.ftl"("en", UTF-8, parsed); will try to load it.
DEBUG main freemarker.cache - TemplateLoader.findTemplateSource("test-view/standard_en.ftl"): Not found
DEBUG main freemarker.cache - TemplateLoader.findTemplateSource("test-view/standard.ftl"): Found
DEBUG main freemarker.cache - Loading template for "test-view/standard.ftl"("en", UTF-8, parsed) from "jar:file:/C:/Users/LENOVO/.m2/repository/com/aventstack/extentreports/3.1.2/extentreports-3.1.2.jar!/com/aventstack/extentreports/view/html-report/test-view/standard.ftl"
DEBUG main freemarker.cache - Couldn't find template in cache for "category-view/category-view.ftl"("en", UTF-8, parsed); will try to load it.
DEBUG main freemarker.cache - TemplateLoader.findTemplateSource("category-view/category-view_en.ftl"): Not found
DEBUG main freemarker.cache - TemplateLoader.findTemplateSource("category-view/category-view.ftl"): Found
DEBUG main freemarker.cache - Loading template for "category-view/category-view.ftl"("en", UTF-8, parsed) from "jar:file:/C:/Users/LENOVO/.m2/repository/com/aventstack/extentreports/3.1.2/extentreports-3.1.2.jar!/com/aventstack/extentreports/view/html-report/category-view/category-view.ftl"
DEBUG main freemarker.cache - Couldn't find template in cache for "author-view/author-view.ftl"("en", UTF-8, parsed); will try to load it.
DEBUG main freemarker.cache - TemplateLoader.findTemplateSource("author-view/author-view_en.ftl"): Not found
DEBUG main freemarker.cache - TemplateLoader.findTemplateSource("author-view/author-view.ftl"): Found
DEBUG main freemarker.cache - Loading template for "author-view/author-view.ftl"("en", UTF-8, parsed) from "jar:file:/C:/Users/LENOVO/.m2/repository/com/aventstack/extentreports/3.1.2/extentreports-3.1.2.jar!/com/aventstack/extentreports/view/html-report/author-view/author-view.ftl"
DEBUG main freemarker.cache - Couldn't find template in cache for "exception-view/exception-view.ftl"("en", UTF-8, parsed); will try to load it.
DEBUG main freemarker.cache - TemplateLoader.findTemplateSource("exception-view/exception-view_en.ftl"): Not found
DEBUG main freemarker.cache - TemplateLoader.findTemplateSource("exception-view/exception-view.ftl"): Found
DEBUG main freemarker.cache - Loading template for "exception-view/exception-view.ftl"("en", UTF-8, parsed) from "jar:file:/C:/Users/LENOVO/.m2/repository/com/aventstack/extentreports/3.1.2/extentreports-3.1.2.jar!/com/aventstack/extentreports/view/html-report/exception-view/exception-view.ftl"
DEBUG main freemarker.cache - Couldn't find template in cache for "dashboard-view/dashboard-view.ftl"("en", UTF-8, parsed); will try to load it.
DEBUG main freemarker.cache - TemplateLoader.findTemplateSource("dashboard-view/dashboard-view_en.ftl"): Not found
DEBUG main freemarker.cache - TemplateLoader.findTemplateSource("dashboard-view/dashboard-view.ftl"): Found
DEBUG main freemarker.cache - Loading template for "dashboard-view/dashboard-view.ftl"("en", UTF-8, parsed) from "jar:file:/C:/Users/LENOVO/.m2/repository/com/aventstack/extentreports/3.1.2/extentreports-3.1.2.jar!/com/aventstack/extentreports/view/html-report/dashboard-view/dashboard-view.ftl"
DEBUG main freemarker.cache - Couldn't find template in cache for "logs-view/testrunner-logs-view.ftl"("en", UTF-8, parsed); will try to load it.
DEBUG main freemarker.cache - TemplateLoader.findTemplateSource("logs-view/testrunner-logs-view_en.ftl"): Not found
DEBUG main freemarker.cache - TemplateLoader.findTemplateSource("logs-view/testrunner-logs-view.ftl"): Found
DEBUG main freemarker.cache - Loading template for "logs-view/testrunner-logs-view.ftl"("en", UTF-8, parsed) from "jar:file:/C:/Users/LENOVO/.m2/repository/com/aventstack/extentreports/3.1.2/extentreports-3.1.2.jar!/com/aventstack/extentreports/view/html-report/logs-view/testrunner-logs-view.ftl"
DEBUG main io.netty.util.internal.logging.InternalLoggerFactory - Using Log4J as the default logging framework
DEBUG main io.netty.util.ResourceLeakDetector - -Dio.netty.leakDetection.level: simple
DEBUG main io.netty.util.ResourceLeakDetector - -Dio.netty.leakDetection.targetRecords: 4
DEBUG main io.netty.util.ResourceLeakDetectorFactory - Loaded default ResourceLeakDetector: io.netty.util.ResourceLeakDetector@37efd131
DEBUG main io.netty.util.internal.PlatformDependent0 - -Dio.netty.noUnsafe: false
DEBUG main io.netty.util.internal.PlatformDependent0 - Java version: 17
DEBUG main io.netty.util.internal.PlatformDependent0 - sun.misc.Unsafe.theUnsafe: available
DEBUG main io.netty.util.internal.PlatformDependent0 - sun.misc.Unsafe.copyMemory: available
DEBUG main io.netty.util.internal.PlatformDependent0 - java.nio.Buffer.address: available
DEBUG main io.netty.util.internal.PlatformDependent0 - direct buffer constructor: unavailable: Reflective setAccessible(true) disabled
DEBUG main io.netty.util.internal.PlatformDependent0 - java.nio.Bits.unaligned: available, true
DEBUG main io.netty.util.internal.PlatformDependent0 - jdk.internal.misc.Unsafe.allocateUninitializedArray(int): unavailable: class io.netty.util.internal.PlatformDependent0$6 cannot access class jdk.internal.misc.Unsafe (in module java.base) because module java.base does not export jdk.internal.misc to unnamed module @6eebc39e
DEBUG main io.netty.util.internal.PlatformDependent0 - java.nio.DirectByteBuffer.<init>(long, int): unavailable
DEBUG main io.netty.util.internal.PlatformDependent - sun.misc.Unsafe: available
DEBUG main io.netty.util.internal.PlatformDependent - maxDirectMemory: 970981376 bytes (maybe)
DEBUG main io.netty.util.internal.PlatformDependent - -Dio.netty.tmpdir: C:\Users\LENOVO\AppData\Local\Temp (java.io.tmpdir)
DEBUG main io.netty.util.internal.PlatformDependent - -Dio.netty.bitMode: 64 (sun.arch.data.model)
DEBUG main io.netty.util.internal.PlatformDependent - Platform: Windows
DEBUG main io.netty.util.internal.PlatformDependent - -Dio.netty.maxDirectMemory: -1 bytes
DEBUG main io.netty.util.internal.PlatformDependent - -Dio.netty.uninitializedArrayAllocationThreshold: -1
DEBUG main io.netty.util.internal.CleanerJava9 - java.nio.ByteBuffer.cleaner(): available
DEBUG main io.netty.util.internal.PlatformDependent - -Dio.netty.noPreferDirect: false
DEBUG main io.netty.util.internal.PlatformDependent - org.jctools-core.MpscChunkedArrayQueue: available
DEBUG main io.netty.util.internal.InternalThreadLocalMap - -Dio.netty.threadLocalMap.stringBuilder.initialSize: 1024
DEBUG main io.netty.util.internal.InternalThreadLocalMap - -Dio.netty.threadLocalMap.stringBuilder.maxSize: 4096
DEBUG main io.netty.handler.ssl.JdkSslContext - Default protocols (JDK): [TLSv1.3, TLSv1.2] 
DEBUG main io.netty.handler.ssl.JdkSslContext - Default cipher suites (JDK): [TLS_ECDHE_ECDSA_WITH_AES_256_GCM_SHA384, TLS_ECDHE_ECDSA_WITH_AES_128_GCM_SHA256, TLS_ECDHE_RSA_WITH_AES_128_GCM_SHA256, TLS_ECDHE_RSA_WITH_AES_256_GCM_SHA384, TLS_ECDHE_RSA_WITH_AES_128_CBC_SHA, TLS_ECDHE_RSA_WITH_AES_256_CBC_SHA, TLS_RSA_WITH_AES_128_GCM_SHA256, TLS_RSA_WITH_AES_128_CBC_SHA, TLS_RSA_WITH_AES_256_CBC_SHA, TLS_AES_128_GCM_SHA256, TLS_AES_256_GCM_SHA384]
DEBUG main io.netty.channel.MultithreadEventLoopGroup - -Dio.netty.eventLoopThreads: 8
DEBUG main io.netty.channel.nio.NioEventLoop - -Dio.netty.noKeySetOptimization: false
DEBUG main io.netty.channel.nio.NioEventLoop - -Dio.netty.selectorAutoRebuildThreshold: 512
DEBUG main io.netty.buffer.PooledByteBufAllocator - -Dio.netty.allocator.numHeapArenas: 8
DEBUG main io.netty.buffer.PooledByteBufAllocator - -Dio.netty.allocator.numDirectArenas: 8
DEBUG main io.netty.buffer.PooledByteBufAllocator - -Dio.netty.allocator.pageSize: 8192
DEBUG main io.netty.buffer.PooledByteBufAllocator - -Dio.netty.allocator.maxOrder: 11
DEBUG main io.netty.buffer.PooledByteBufAllocator - -Dio.netty.allocator.chunkSize: 16777216
DEBUG main io.netty.buffer.PooledByteBufAllocator - -Dio.netty.allocator.smallCacheSize: 256
DEBUG main io.netty.buffer.PooledByteBufAllocator - -Dio.netty.allocator.normalCacheSize: 64
DEBUG main io.netty.buffer.PooledByteBufAllocator - -Dio.netty.allocator.maxCachedBufferCapacity: 32768
DEBUG main io.netty.buffer.PooledByteBufAllocator - -Dio.netty.allocator.cacheTrimInterval: 8192
DEBUG main io.netty.buffer.PooledByteBufAllocator - -Dio.netty.allocator.cacheTrimIntervalMillis: 0
DEBUG main io.netty.buffer.PooledByteBufAllocator - -Dio.netty.allocator.useCacheForAllThreads: true
DEBUG main io.netty.buffer.PooledByteBufAllocator - -Dio.netty.allocator.maxCachedByteBuffersPerChunk: 1023
DEBUG main io.netty.buffer.ByteBufUtil - -Dio.netty.allocator.type: pooled
DEBUG main io.netty.buffer.ByteBufUtil - -Dio.netty.threadLocalDirectBufferSize: 0
DEBUG main io.netty.buffer.ByteBufUtil - -Dio.netty.maxThreadLocalCharBufferSize: 16384
DEBUG Forwarding newSession on session null to remote io.netty.channel.DefaultChannelId - -Dio.netty.processId: 15488 (auto-detected)
DEBUG Forwarding newSession on session null to remote io.netty.util.NetUtil - -Djava.net.preferIPv4Stack: false
DEBUG Forwarding newSession on session null to remote io.netty.util.NetUtil - -Djava.net.preferIPv6Addresses: false
DEBUG Forwarding newSession on session null to remote io.netty.util.NetUtilInitializations - Loopback interface: lo (Software Loopback Interface 1, 127.0.0.1)
DEBUG Forwarding newSession on session null to remote io.netty.util.NetUtil - Failed to get SOMAXCONN from sysctl and file \proc\sys\net\core\somaxconn. Default: 200
DEBUG Forwarding newSession on session null to remote io.netty.channel.DefaultChannelId - -Dio.netty.machineId: a4:4e:31:ff:fe:e0:da:90 (auto-detected)
DEBUG AsyncHttpClient-1-2 io.netty.buffer.AbstractByteBuf - -Dio.netty.buffer.checkAccessible: true
DEBUG AsyncHttpClient-1-2 io.netty.buffer.AbstractByteBuf - -Dio.netty.buffer.checkBounds: true
DEBUG AsyncHttpClient-1-2 io.netty.util.ResourceLeakDetectorFactory - Loaded default ResourceLeakDetector: io.netty.util.ResourceLeakDetector@6fafc852
DEBUG AsyncHttpClient-1-2 io.netty.util.Recycler - -Dio.netty.recycler.maxCapacityPerThread: 4096
DEBUG AsyncHttpClient-1-2 io.netty.util.Recycler - -Dio.netty.recycler.maxSharedCapacityFactor: 2
DEBUG AsyncHttpClient-1-2 io.netty.util.Recycler - -Dio.netty.recycler.linkCapacity: 16
DEBUG AsyncHttpClient-1-2 io.netty.util.Recycler - -Dio.netty.recycler.ratio: 8
DEBUG AsyncHttpClient-1-2 io.netty.util.Recycler - -Dio.netty.recycler.delayedQueue.ratio: 8
DEBUG AsyncHttpClient-1-2 io.netty.handler.codec.compression.Brotli - brotli4j not in the classpath; Brotli support will be unavailable.
DEBUG main io.netty.util.internal.ThreadLocalRandom - -Dio.netty.initialSeedUniquifier: 0x2a49b4c865fd1f9a
INFO main opencart - open home page
DEBUG main freemarker.cache - Couldn't find template in cache for "index.ftl"("en", UTF-8, parsed); will try to load it.
DEBUG main freemarker.cache - TemplateLoader.findTemplateSource("index_en.ftl"): Not found
DEBUG main freemarker.cache - TemplateLoader.findTemplateSource("index.ftl"): Found
DEBUG main freemarker.cache - Loading template for "index.ftl"("en", UTF-8, parsed) from "jar:file:/C:/Users/LENOVO/.m2/repository/com/aventstack/extentreports/3.1.2/extentreports-3.1.2.jar!/com/aventstack/extentreports/view/html-report/index.ftl"
DEBUG main freemarker.cache - Couldn't find template in cache for "head.ftl"("en", UTF-8, parsed); will try to load it.
DEBUG main freemarker.cache - TemplateLoader.findTemplateSource("head_en.ftl"): Not found
DEBUG main freemarker.cache - TemplateLoader.findTemplateSource("head.ftl"): Found
DEBUG main freemarker.cache - Loading template for "head.ftl"("en", UTF-8, parsed) from "jar:file:/C:/Users/LENOVO/.m2/repository/com/aventstack/extentreports/3.1.2/extentreports-3.1.2.jar!/com/aventstack/extentreports/view/html-report/head.ftl"
DEBUG main freemarker.cache - Couldn't find template in cache for "nav.ftl"("en", UTF-8, parsed); will try to load it.
DEBUG main freemarker.cache - TemplateLoader.findTemplateSource("nav_en.ftl"): Not found
DEBUG main freemarker.cache - TemplateLoader.findTemplateSource("nav.ftl"): Found
DEBUG main freemarker.cache - Loading template for "nav.ftl"("en", UTF-8, parsed) from "jar:file:/C:/Users/LENOVO/.m2/repository/com/aventstack/extentreports/3.1.2/extentreports-3.1.2.jar!/com/aventstack/extentreports/view/html-report/nav.ftl"
DEBUG main freemarker.cache - Couldn't find template in cache for "test-view/test-view.ftl"("en", UTF-8, parsed); will try to load it.
DEBUG main freemarker.cache - TemplateLoader.findTemplateSource("test-view/test-view_en.ftl"): Not found
DEBUG main freemarker.cache - TemplateLoader.findTemplateSource("test-view/test-view.ftl"): Found
DEBUG main freemarker.cache - Loading template for "test-view/test-view.ftl"("en", UTF-8, parsed) from "jar:file:/C:/Users/LENOVO/.m2/repository/com/aventstack/extentreports/3.1.2/extentreports-3.1.2.jar!/com/aventstack/extentreports/view/html-report/test-view/test-view.ftl"
DEBUG main freemarker.cache - Couldn't find template in cache for "test-view/test-view-charts.ftl"("en", UTF-8, parsed); will try to load it.
DEBUG main freemarker.cache - TemplateLoader.findTemplateSource("test-view/test-view-charts_en.ftl"): Not found
DEBUG main freemarker.cache - TemplateLoader.findTemplateSource("test-view/test-view-charts.ftl"): Found
DEBUG main freemarker.cache - Loading template for "test-view/test-view-charts.ftl"("en", UTF-8, parsed) from "jar:file:/C:/Users/LENOVO/.m2/repository/com/aventstack/extentreports/3.1.2/extentreports-3.1.2.jar!/com/aventstack/extentreports/view/html-report/test-view/test-view-charts.ftl"
DEBUG main freemarker.cache - Couldn't find template in cache for "test-view/standard.ftl"("en", UTF-8, parsed); will try to load it.
DEBUG main freemarker.cache - TemplateLoader.findTemplateSource("test-view/standard_en.ftl"): Not found
DEBUG main freemarker.cache - TemplateLoader.findTemplateSource("test-view/standard.ftl"): Found
DEBUG main freemarker.cache - Loading template for "test-view/standard.ftl"("en", UTF-8, parsed) from "jar:file:/C:/Users/LENOVO/.m2/repository/com/aventstack/extentreports/3.1.2/extentreports-3.1.2.jar!/com/aventstack/extentreports/view/html-report/test-view/standard.ftl"
DEBUG main freemarker.cache - Couldn't find template in cache for "category-view/category-view.ftl"("en", UTF-8, parsed); will try to load it.
DEBUG main freemarker.cache - TemplateLoader.findTemplateSource("category-view/category-view_en.ftl"): Not found
DEBUG main freemarker.cache - TemplateLoader.findTemplateSource("category-view/category-view.ftl"): Found
DEBUG main freemarker.cache - Loading template for "category-view/category-view.ftl"("en", UTF-8, parsed) from "jar:file:/C:/Users/LENOVO/.m2/repository/com/aventstack/extentreports/3.1.2/extentreports-3.1.2.jar!/com/aventstack/extentreports/view/html-report/category-view/category-view.ftl"
DEBUG main freemarker.cache - Couldn't find template in cache for "author-view/author-view.ftl"("en", UTF-8, parsed); will try to load it.
DEBUG main freemarker.cache - TemplateLoader.findTemplateSource("author-view/author-view_en.ftl"): Not found
DEBUG main freemarker.cache - TemplateLoader.findTemplateSource("author-view/author-view.ftl"): Found
DEBUG main freemarker.cache - Loading template for "author-view/author-view.ftl"("en", UTF-8, parsed) from "jar:file:/C:/Users/LENOVO/.m2/repository/com/aventstack/extentreports/3.1.2/extentreports-3.1.2.jar!/com/aventstack/extentreports/view/html-report/author-view/author-view.ftl"
DEBUG main freemarker.cache - Couldn't find template in cache for "exception-view/exception-view.ftl"("en", UTF-8, parsed); will try to load it.
DEBUG main freemarker.cache - TemplateLoader.findTemplateSource("exception-view/exception-view_en.ftl"): Not found
DEBUG main freemarker.cache - TemplateLoader.findTemplateSource("exception-view/exception-view.ftl"): Found
DEBUG main freemarker.cache - Loading template for "exception-view/exception-view.ftl"("en", UTF-8, parsed) from "jar:file:/C:/Users/LENOVO/.m2/repository/com/aventstack/extentreports/3.1.2/extentreports-3.1.2.jar!/com/aventstack/extentreports/view/html-report/exception-view/exception-view.ftl"
DEBUG main freemarker.cache - Couldn't find template in cache for "dashboard-view/dashboard-view.ftl"("en", UTF-8, parsed); will try to load it.
DEBUG main freemarker.cache - TemplateLoader.findTemplateSource("dashboard-view/dashboard-view_en.ftl"): Not found
DEBUG main freemarker.cache - TemplateLoader.findTemplateSource("dashboard-view/dashboard-view.ftl"): Found
DEBUG main freemarker.cache - Loading template for "dashboard-view/dashboard-view.ftl"("en", UTF-8, parsed) from "jar:file:/C:/Users/LENOVO/.m2/repository/com/aventstack/extentreports/3.1.2/extentreports-3.1.2.jar!/com/aventstack/extentreports/view/html-report/dashboard-view/dashboard-view.ftl"
DEBUG main freemarker.cache - Couldn't find template in cache for "logs-view/testrunner-logs-view.ftl"("en", UTF-8, parsed); will try to load it.
DEBUG main freemarker.cache - TemplateLoader.findTemplateSource("logs-view/testrunner-logs-view_en.ftl"): Not found
DEBUG main freemarker.cache - TemplateLoader.findTemplateSource("logs-view/testrunner-logs-view.ftl"): Found
DEBUG main freemarker.cache - Loading template for "logs-view/testrunner-logs-view.ftl"("en", UTF-8, parsed) from "jar:file:/C:/Users/LENOVO/.m2/repository/com/aventstack/extentreports/3.1.2/extentreports-3.1.2.jar!/com/aventstack/extentreports/view/html-report/logs-view/testrunner-logs-view.ftl"
DEBUG main io.netty.util.internal.logging.InternalLoggerFactory - Using Log4J as the default logging framework
DEBUG main io.netty.util.ResourceLeakDetector - -Dio.netty.leakDetection.level: simple
DEBUG main io.netty.util.ResourceLeakDetector - -Dio.netty.leakDetection.targetRecords: 4
DEBUG main io.netty.util.ResourceLeakDetectorFactory - Loaded default ResourceLeakDetector: io.netty.util.ResourceLeakDetector@37efd131
DEBUG main io.netty.util.internal.PlatformDependent0 - -Dio.netty.noUnsafe: false
DEBUG main io.netty.util.internal.PlatformDependent0 - Java version: 17
DEBUG main io.netty.util.internal.PlatformDependent0 - sun.misc.Unsafe.theUnsafe: available
DEBUG main io.netty.util.internal.PlatformDependent0 - sun.misc.Unsafe.copyMemory: available
DEBUG main io.netty.util.internal.PlatformDependent0 - java.nio.Buffer.address: available
DEBUG main io.netty.util.internal.PlatformDependent0 - direct buffer constructor: unavailable: Reflective setAccessible(true) disabled
DEBUG main io.netty.util.internal.PlatformDependent0 - java.nio.Bits.unaligned: available, true
DEBUG main io.netty.util.internal.PlatformDependent0 - jdk.internal.misc.Unsafe.allocateUninitializedArray(int): unavailable: class io.netty.util.internal.PlatformDependent0$6 cannot access class jdk.internal.misc.Unsafe (in module java.base) because module java.base does not export jdk.internal.misc to unnamed module @6eebc39e
DEBUG main io.netty.util.internal.PlatformDependent0 - java.nio.DirectByteBuffer.<init>(long, int): unavailable
DEBUG main io.netty.util.internal.PlatformDependent - sun.misc.Unsafe: available
DEBUG main io.netty.util.internal.PlatformDependent - maxDirectMemory: 970981376 bytes (maybe)
DEBUG main io.netty.util.internal.PlatformDependent - -Dio.netty.tmpdir: C:\Users\LENOVO\AppData\Local\Temp (java.io.tmpdir)
DEBUG main io.netty.util.internal.PlatformDependent - -Dio.netty.bitMode: 64 (sun.arch.data.model)
DEBUG main io.netty.util.internal.PlatformDependent - Platform: Windows
DEBUG main io.netty.util.internal.PlatformDependent - -Dio.netty.maxDirectMemory: -1 bytes
DEBUG main io.netty.util.internal.PlatformDependent - -Dio.netty.uninitializedArrayAllocationThreshold: -1
DEBUG main io.netty.util.internal.CleanerJava9 - java.nio.ByteBuffer.cleaner(): available
DEBUG main io.netty.util.internal.PlatformDependent - -Dio.netty.noPreferDirect: false
DEBUG main io.netty.util.internal.PlatformDependent - org.jctools-core.MpscChunkedArrayQueue: available
DEBUG main io.netty.util.internal.InternalThreadLocalMap - -Dio.netty.threadLocalMap.stringBuilder.initialSize: 1024
DEBUG main io.netty.util.internal.InternalThreadLocalMap - -Dio.netty.threadLocalMap.stringBuilder.maxSize: 4096
DEBUG main io.netty.handler.ssl.JdkSslContext - Default protocols (JDK): [TLSv1.3, TLSv1.2] 
DEBUG main io.netty.handler.ssl.JdkSslContext - Default cipher suites (JDK): [TLS_ECDHE_ECDSA_WITH_AES_256_GCM_SHA384, TLS_ECDHE_ECDSA_WITH_AES_128_GCM_SHA256, TLS_ECDHE_RSA_WITH_AES_128_GCM_SHA256, TLS_ECDHE_RSA_WITH_AES_256_GCM_SHA384, TLS_ECDHE_RSA_WITH_AES_128_CBC_SHA, TLS_ECDHE_RSA_WITH_AES_256_CBC_SHA, TLS_RSA_WITH_AES_128_GCM_SHA256, TLS_RSA_WITH_AES_128_CBC_SHA, TLS_RSA_WITH_AES_256_CBC_SHA, TLS_AES_128_GCM_SHA256, TLS_AES_256_GCM_SHA384]
DEBUG main io.netty.channel.MultithreadEventLoopGroup - -Dio.netty.eventLoopThreads: 8
DEBUG main io.netty.channel.nio.NioEventLoop - -Dio.netty.noKeySetOptimization: false
DEBUG main io.netty.channel.nio.NioEventLoop - -Dio.netty.selectorAutoRebuildThreshold: 512
DEBUG main io.netty.buffer.PooledByteBufAllocator - -Dio.netty.allocator.numHeapArenas: 8
DEBUG main io.netty.buffer.PooledByteBufAllocator - -Dio.netty.allocator.numDirectArenas: 8
DEBUG main io.netty.buffer.PooledByteBufAllocator - -Dio.netty.allocator.pageSize: 8192
DEBUG main io.netty.buffer.PooledByteBufAllocator - -Dio.netty.allocator.maxOrder: 11
DEBUG main io.netty.buffer.PooledByteBufAllocator - -Dio.netty.allocator.chunkSize: 16777216
DEBUG main io.netty.buffer.PooledByteBufAllocator - -Dio.netty.allocator.smallCacheSize: 256
DEBUG main io.netty.buffer.PooledByteBufAllocator - -Dio.netty.allocator.normalCacheSize: 64
DEBUG main io.netty.buffer.PooledByteBufAllocator - -Dio.netty.allocator.maxCachedBufferCapacity: 32768
DEBUG main io.netty.buffer.PooledByteBufAllocator - -Dio.netty.allocator.cacheTrimInterval: 8192
DEBUG main io.netty.buffer.PooledByteBufAllocator - -Dio.netty.allocator.cacheTrimIntervalMillis: 0
DEBUG main io.netty.buffer.PooledByteBufAllocator - -Dio.netty.allocator.useCacheForAllThreads: true
DEBUG main io.netty.buffer.PooledByteBufAllocator - -Dio.netty.allocator.maxCachedByteBuffersPerChunk: 1023
DEBUG main io.netty.buffer.ByteBufUtil - -Dio.netty.allocator.type: pooled
DEBUG main io.netty.buffer.ByteBufUtil - -Dio.netty.threadLocalDirectBufferSize: 0
DEBUG main io.netty.buffer.ByteBufUtil - -Dio.netty.maxThreadLocalCharBufferSize: 16384
DEBUG Forwarding newSession on session null to remote io.netty.channel.DefaultChannelId - -Dio.netty.processId: 7008 (auto-detected)
DEBUG Forwarding newSession on session null to remote io.netty.util.NetUtil - -Djava.net.preferIPv4Stack: false
DEBUG Forwarding newSession on session null to remote io.netty.util.NetUtil - -Djava.net.preferIPv6Addresses: false
DEBUG Forwarding newSession on session null to remote io.netty.util.NetUtilInitializations - Loopback interface: lo (Software Loopback Interface 1, 127.0.0.1)
DEBUG Forwarding newSession on session null to remote io.netty.util.NetUtil - Failed to get SOMAXCONN from sysctl and file \proc\sys\net\core\somaxconn. Default: 200
DEBUG Forwarding newSession on session null to remote io.netty.channel.DefaultChannelId - -Dio.netty.machineId: a4:4e:31:ff:fe:e0:da:90 (auto-detected)
DEBUG AsyncHttpClient-1-2 io.netty.buffer.AbstractByteBuf - -Dio.netty.buffer.checkAccessible: true
DEBUG AsyncHttpClient-1-2 io.netty.buffer.AbstractByteBuf - -Dio.netty.buffer.checkBounds: true
DEBUG AsyncHttpClient-1-2 io.netty.util.ResourceLeakDetectorFactory - Loaded default ResourceLeakDetector: io.netty.util.ResourceLeakDetector@5a593a6a
DEBUG AsyncHttpClient-1-2 io.netty.util.Recycler - -Dio.netty.recycler.maxCapacityPerThread: 4096
DEBUG AsyncHttpClient-1-2 io.netty.util.Recycler - -Dio.netty.recycler.maxSharedCapacityFactor: 2
DEBUG AsyncHttpClient-1-2 io.netty.util.Recycler - -Dio.netty.recycler.linkCapacity: 16
DEBUG AsyncHttpClient-1-2 io.netty.util.Recycler - -Dio.netty.recycler.ratio: 8
DEBUG AsyncHttpClient-1-2 io.netty.util.Recycler - -Dio.netty.recycler.delayedQueue.ratio: 8
DEBUG AsyncHttpClient-1-2 io.netty.handler.codec.compression.Brotli - brotli4j not in the classpath; Brotli support will be unavailable.
DEBUG main io.netty.util.internal.ThreadLocalRandom - -Dio.netty.initialSeedUniquifier: 0x335ec89879788663
INFO main opencart - open home page
DEBUG main freemarker.cache - Couldn't find template in cache for "index.ftl"("en", UTF-8, parsed); will try to load it.
DEBUG main freemarker.cache - TemplateLoader.findTemplateSource("index_en.ftl"): Not found
DEBUG main freemarker.cache - TemplateLoader.findTemplateSource("index.ftl"): Found
DEBUG main freemarker.cache - Loading template for "index.ftl"("en", UTF-8, parsed) from "jar:file:/C:/Users/LENOVO/.m2/repository/com/aventstack/extentreports/3.1.2/extentreports-3.1.2.jar!/com/aventstack/extentreports/view/html-report/index.ftl"
DEBUG main freemarker.cache - Couldn't find template in cache for "head.ftl"("en", UTF-8, parsed); will try to load it.
DEBUG main freemarker.cache - TemplateLoader.findTemplateSource("head_en.ftl"): Not found
DEBUG main freemarker.cache - TemplateLoader.findTemplateSource("head.ftl"): Found
DEBUG main freemarker.cache - Loading template for "head.ftl"("en", UTF-8, parsed) from "jar:file:/C:/Users/LENOVO/.m2/repository/com/aventstack/extentreports/3.1.2/extentreports-3.1.2.jar!/com/aventstack/extentreports/view/html-report/head.ftl"
DEBUG main freemarker.cache - Couldn't find template in cache for "nav.ftl"("en", UTF-8, parsed); will try to load it.
DEBUG main freemarker.cache - TemplateLoader.findTemplateSource("nav_en.ftl"): Not found
DEBUG main freemarker.cache - TemplateLoader.findTemplateSource("nav.ftl"): Found
DEBUG main freemarker.cache - Loading template for "nav.ftl"("en", UTF-8, parsed) from "jar:file:/C:/Users/LENOVO/.m2/repository/com/aventstack/extentreports/3.1.2/extentreports-3.1.2.jar!/com/aventstack/extentreports/view/html-report/nav.ftl"
DEBUG main freemarker.cache - Couldn't find template in cache for "test-view/test-view.ftl"("en", UTF-8, parsed); will try to load it.
DEBUG main freemarker.cache - TemplateLoader.findTemplateSource("test-view/test-view_en.ftl"): Not found
DEBUG main freemarker.cache - TemplateLoader.findTemplateSource("test-view/test-view.ftl"): Found
DEBUG main freemarker.cache - Loading template for "test-view/test-view.ftl"("en", UTF-8, parsed) from "jar:file:/C:/Users/LENOVO/.m2/repository/com/aventstack/extentreports/3.1.2/extentreports-3.1.2.jar!/com/aventstack/extentreports/view/html-report/test-view/test-view.ftl"
DEBUG main freemarker.cache - Couldn't find template in cache for "test-view/test-view-charts.ftl"("en", UTF-8, parsed); will try to load it.
DEBUG main freemarker.cache - TemplateLoader.findTemplateSource("test-view/test-view-charts_en.ftl"): Not found
DEBUG main freemarker.cache - TemplateLoader.findTemplateSource("test-view/test-view-charts.ftl"): Found
DEBUG main freemarker.cache - Loading template for "test-view/test-view-charts.ftl"("en", UTF-8, parsed) from "jar:file:/C:/Users/LENOVO/.m2/repository/com/aventstack/extentreports/3.1.2/extentreports-3.1.2.jar!/com/aventstack/extentreports/view/html-report/test-view/test-view-charts.ftl"
DEBUG main freemarker.cache - Couldn't find template in cache for "test-view/standard.ftl"("en", UTF-8, parsed); will try to load it.
DEBUG main freemarker.cache - TemplateLoader.findTemplateSource("test-view/standard_en.ftl"): Not found
DEBUG main freemarker.cache - TemplateLoader.findTemplateSource("test-view/standard.ftl"): Found
DEBUG main freemarker.cache - Loading template for "test-view/standard.ftl"("en", UTF-8, parsed) from "jar:file:/C:/Users/LENOVO/.m2/repository/com/aventstack/extentreports/3.1.2/extentreports-3.1.2.jar!/com/aventstack/extentreports/view/html-report/test-view/standard.ftl"
DEBUG main freemarker.cache - Couldn't find template in cache for "category-view/category-view.ftl"("en", UTF-8, parsed); will try to load it.
DEBUG main freemarker.cache - TemplateLoader.findTemplateSource("category-view/category-view_en.ftl"): Not found
DEBUG main freemarker.cache - TemplateLoader.findTemplateSource("category-view/category-view.ftl"): Found
DEBUG main freemarker.cache - Loading template for "category-view/category-view.ftl"("en", UTF-8, parsed) from "jar:file:/C:/Users/LENOVO/.m2/repository/com/aventstack/extentreports/3.1.2/extentreports-3.1.2.jar!/com/aventstack/extentreports/view/html-report/category-view/category-view.ftl"
DEBUG main freemarker.cache - Couldn't find template in cache for "author-view/author-view.ftl"("en", UTF-8, parsed); will try to load it.
DEBUG main freemarker.cache - TemplateLoader.findTemplateSource("author-view/author-view_en.ftl"): Not found
DEBUG main freemarker.cache - TemplateLoader.findTemplateSource("author-view/author-view.ftl"): Found
DEBUG main freemarker.cache - Loading template for "author-view/author-view.ftl"("en", UTF-8, parsed) from "jar:file:/C:/Users/LENOVO/.m2/repository/com/aventstack/extentreports/3.1.2/extentreports-3.1.2.jar!/com/aventstack/extentreports/view/html-report/author-view/author-view.ftl"
DEBUG main freemarker.cache - Couldn't find template in cache for "exception-view/exception-view.ftl"("en", UTF-8, parsed); will try to load it.
DEBUG main freemarker.cache - TemplateLoader.findTemplateSource("exception-view/exception-view_en.ftl"): Not found
DEBUG main freemarker.cache - TemplateLoader.findTemplateSource("exception-view/exception-view.ftl"): Found
DEBUG main freemarker.cache - Loading template for "exception-view/exception-view.ftl"("en", UTF-8, parsed) from "jar:file:/C:/Users/LENOVO/.m2/repository/com/aventstack/extentreports/3.1.2/extentreports-3.1.2.jar!/com/aventstack/extentreports/view/html-report/exception-view/exception-view.ftl"
DEBUG main freemarker.cache - Couldn't find template in cache for "dashboard-view/dashboard-view.ftl"("en", UTF-8, parsed); will try to load it.
DEBUG main freemarker.cache - TemplateLoader.findTemplateSource("dashboard-view/dashboard-view_en.ftl"): Not found
DEBUG main freemarker.cache - TemplateLoader.findTemplateSource("dashboard-view/dashboard-view.ftl"): Found
DEBUG main freemarker.cache - Loading template for "dashboard-view/dashboard-view.ftl"("en", UTF-8, parsed) from "jar:file:/C:/Users/LENOVO/.m2/repository/com/aventstack/extentreports/3.1.2/extentreports-3.1.2.jar!/com/aventstack/extentreports/view/html-report/dashboard-view/dashboard-view.ftl"
DEBUG main freemarker.cache - Couldn't find template in cache for "logs-view/testrunner-logs-view.ftl"("en", UTF-8, parsed); will try to load it.
DEBUG main freemarker.cache - TemplateLoader.findTemplateSource("logs-view/testrunner-logs-view_en.ftl"): Not found
DEBUG main freemarker.cache - TemplateLoader.findTemplateSource("logs-view/testrunner-logs-view.ftl"): Found
DEBUG main freemarker.cache - Loading template for "logs-view/testrunner-logs-view.ftl"("en", UTF-8, parsed) from "jar:file:/C:/Users/LENOVO/.m2/repository/com/aventstack/extentreports/3.1.2/extentreports-3.1.2.jar!/com/aventstack/extentreports/view/html-report/logs-view/testrunner-logs-view.ftl"
DEBUG main io.netty.util.internal.logging.InternalLoggerFactory - Using Log4J as the default logging framework
DEBUG main io.netty.util.ResourceLeakDetector - -Dio.netty.leakDetection.level: simple
DEBUG main io.netty.util.ResourceLeakDetector - -Dio.netty.leakDetection.targetRecords: 4
DEBUG main io.netty.util.ResourceLeakDetectorFactory - Loaded default ResourceLeakDetector: io.netty.util.ResourceLeakDetector@53f0a4cb
DEBUG main io.netty.util.internal.PlatformDependent0 - -Dio.netty.noUnsafe: false
DEBUG main io.netty.util.internal.PlatformDependent0 - Java version: 17
DEBUG main io.netty.util.internal.PlatformDependent0 - sun.misc.Unsafe.theUnsafe: available
DEBUG main io.netty.util.internal.PlatformDependent0 - sun.misc.Unsafe.copyMemory: available
DEBUG main io.netty.util.internal.PlatformDependent0 - java.nio.Buffer.address: available
DEBUG main io.netty.util.internal.PlatformDependent0 - direct buffer constructor: unavailable: Reflective setAccessible(true) disabled
DEBUG main io.netty.util.internal.PlatformDependent0 - java.nio.Bits.unaligned: available, true
DEBUG main io.netty.util.internal.PlatformDependent0 - jdk.internal.misc.Unsafe.allocateUninitializedArray(int): unavailable: class io.netty.util.internal.PlatformDependent0$6 cannot access class jdk.internal.misc.Unsafe (in module java.base) because module java.base does not export jdk.internal.misc to unnamed module @6eebc39e
DEBUG main io.netty.util.internal.PlatformDependent0 - java.nio.DirectByteBuffer.<init>(long, int): unavailable
DEBUG main io.netty.util.internal.PlatformDependent - sun.misc.Unsafe: available
DEBUG main io.netty.util.internal.PlatformDependent - maxDirectMemory: 970981376 bytes (maybe)
DEBUG main io.netty.util.internal.PlatformDependent - -Dio.netty.tmpdir: C:\Users\LENOVO\AppData\Local\Temp (java.io.tmpdir)
DEBUG main io.netty.util.internal.PlatformDependent - -Dio.netty.bitMode: 64 (sun.arch.data.model)
DEBUG main io.netty.util.internal.PlatformDependent - Platform: Windows
DEBUG main io.netty.util.internal.PlatformDependent - -Dio.netty.maxDirectMemory: -1 bytes
DEBUG main io.netty.util.internal.PlatformDependent - -Dio.netty.uninitializedArrayAllocationThreshold: -1
DEBUG main io.netty.util.internal.CleanerJava9 - java.nio.ByteBuffer.cleaner(): available
DEBUG main io.netty.util.internal.PlatformDependent - -Dio.netty.noPreferDirect: false
DEBUG main io.netty.util.internal.PlatformDependent - org.jctools-core.MpscChunkedArrayQueue: available
DEBUG main io.netty.util.internal.InternalThreadLocalMap - -Dio.netty.threadLocalMap.stringBuilder.initialSize: 1024
DEBUG main io.netty.util.internal.InternalThreadLocalMap - -Dio.netty.threadLocalMap.stringBuilder.maxSize: 4096
DEBUG main io.netty.handler.ssl.JdkSslContext - Default protocols (JDK): [TLSv1.3, TLSv1.2] 
DEBUG main io.netty.handler.ssl.JdkSslContext - Default cipher suites (JDK): [TLS_ECDHE_ECDSA_WITH_AES_256_GCM_SHA384, TLS_ECDHE_ECDSA_WITH_AES_128_GCM_SHA256, TLS_ECDHE_RSA_WITH_AES_128_GCM_SHA256, TLS_ECDHE_RSA_WITH_AES_256_GCM_SHA384, TLS_ECDHE_RSA_WITH_AES_128_CBC_SHA, TLS_ECDHE_RSA_WITH_AES_256_CBC_SHA, TLS_RSA_WITH_AES_128_GCM_SHA256, TLS_RSA_WITH_AES_128_CBC_SHA, TLS_RSA_WITH_AES_256_CBC_SHA, TLS_AES_128_GCM_SHA256, TLS_AES_256_GCM_SHA384]
DEBUG main io.netty.channel.MultithreadEventLoopGroup - -Dio.netty.eventLoopThreads: 8
DEBUG main io.netty.channel.nio.NioEventLoop - -Dio.netty.noKeySetOptimization: false
DEBUG main io.netty.channel.nio.NioEventLoop - -Dio.netty.selectorAutoRebuildThreshold: 512
DEBUG main io.netty.buffer.PooledByteBufAllocator - -Dio.netty.allocator.numHeapArenas: 8
DEBUG main io.netty.buffer.PooledByteBufAllocator - -Dio.netty.allocator.numDirectArenas: 8
DEBUG main io.netty.buffer.PooledByteBufAllocator - -Dio.netty.allocator.pageSize: 8192
DEBUG main io.netty.buffer.PooledByteBufAllocator - -Dio.netty.allocator.maxOrder: 11
DEBUG main io.netty.buffer.PooledByteBufAllocator - -Dio.netty.allocator.chunkSize: 16777216
DEBUG main io.netty.buffer.PooledByteBufAllocator - -Dio.netty.allocator.smallCacheSize: 256
DEBUG main io.netty.buffer.PooledByteBufAllocator - -Dio.netty.allocator.normalCacheSize: 64
DEBUG main io.netty.buffer.PooledByteBufAllocator - -Dio.netty.allocator.maxCachedBufferCapacity: 32768
DEBUG main io.netty.buffer.PooledByteBufAllocator - -Dio.netty.allocator.cacheTrimInterval: 8192
DEBUG main io.netty.buffer.PooledByteBufAllocator - -Dio.netty.allocator.cacheTrimIntervalMillis: 0
DEBUG main io.netty.buffer.PooledByteBufAllocator - -Dio.netty.allocator.useCacheForAllThreads: true
DEBUG main io.netty.buffer.PooledByteBufAllocator - -Dio.netty.allocator.maxCachedByteBuffersPerChunk: 1023
DEBUG main io.netty.buffer.ByteBufUtil - -Dio.netty.allocator.type: pooled
DEBUG main io.netty.buffer.ByteBufUtil - -Dio.netty.threadLocalDirectBufferSize: 0
DEBUG main io.netty.buffer.ByteBufUtil - -Dio.netty.maxThreadLocalCharBufferSize: 16384
DEBUG Forwarding newSession on session null to remote io.netty.channel.DefaultChannelId - -Dio.netty.processId: 16012 (auto-detected)
DEBUG Forwarding newSession on session null to remote io.netty.util.NetUtil - -Djava.net.preferIPv4Stack: false
DEBUG Forwarding newSession on session null to remote io.netty.util.NetUtil - -Djava.net.preferIPv6Addresses: false
DEBUG Forwarding newSession on session null to remote io.netty.util.NetUtilInitializations - Loopback interface: lo (Software Loopback Interface 1, 127.0.0.1)
DEBUG Forwarding newSession on session null to remote io.netty.util.NetUtil - Failed to get SOMAXCONN from sysctl and file \proc\sys\net\core\somaxconn. Default: 200
DEBUG Forwarding newSession on session null to remote io.netty.channel.DefaultChannelId - -Dio.netty.machineId: a4:4e:31:ff:fe:e0:da:90 (auto-detected)
DEBUG AsyncHttpClient-1-2 io.netty.buffer.AbstractByteBuf - -Dio.netty.buffer.checkAccessible: true
DEBUG AsyncHttpClient-1-2 io.netty.buffer.AbstractByteBuf - -Dio.netty.buffer.checkBounds: true
DEBUG AsyncHttpClient-1-2 io.netty.util.ResourceLeakDetectorFactory - Loaded default ResourceLeakDetector: io.netty.util.ResourceLeakDetector@633d53c1
DEBUG AsyncHttpClient-1-2 io.netty.util.Recycler - -Dio.netty.recycler.maxCapacityPerThread: 4096
DEBUG AsyncHttpClient-1-2 io.netty.util.Recycler - -Dio.netty.recycler.maxSharedCapacityFactor: 2
DEBUG AsyncHttpClient-1-2 io.netty.util.Recycler - -Dio.netty.recycler.linkCapacity: 16
DEBUG AsyncHttpClient-1-2 io.netty.util.Recycler - -Dio.netty.recycler.ratio: 8
DEBUG AsyncHttpClient-1-2 io.netty.util.Recycler - -Dio.netty.recycler.delayedQueue.ratio: 8
DEBUG AsyncHttpClient-1-2 io.netty.handler.codec.compression.Brotli - brotli4j not in the classpath; Brotli support will be unavailable.
DEBUG main io.netty.util.internal.ThreadLocalRandom - -Dio.netty.initialSeedUniquifier: 0xfc180ee2906be152
INFO main opencart - open home page
DEBUG main freemarker.cache - Couldn't find template in cache for "index.ftl"("en", UTF-8, parsed); will try to load it.
DEBUG main freemarker.cache - TemplateLoader.findTemplateSource("index_en.ftl"): Not found
DEBUG main freemarker.cache - TemplateLoader.findTemplateSource("index.ftl"): Found
DEBUG main freemarker.cache - Loading template for "index.ftl"("en", UTF-8, parsed) from "jar:file:/C:/Users/LENOVO/.m2/repository/com/aventstack/extentreports/3.1.2/extentreports-3.1.2.jar!/com/aventstack/extentreports/view/html-report/index.ftl"
DEBUG main freemarker.cache - Couldn't find template in cache for "head.ftl"("en", UTF-8, parsed); will try to load it.
DEBUG main freemarker.cache - TemplateLoader.findTemplateSource("head_en.ftl"): Not found
DEBUG main freemarker.cache - TemplateLoader.findTemplateSource("head.ftl"): Found
DEBUG main freemarker.cache - Loading template for "head.ftl"("en", UTF-8, parsed) from "jar:file:/C:/Users/LENOVO/.m2/repository/com/aventstack/extentreports/3.1.2/extentreports-3.1.2.jar!/com/aventstack/extentreports/view/html-report/head.ftl"
DEBUG main freemarker.cache - Couldn't find template in cache for "nav.ftl"("en", UTF-8, parsed); will try to load it.
DEBUG main freemarker.cache - TemplateLoader.findTemplateSource("nav_en.ftl"): Not found
DEBUG main freemarker.cache - TemplateLoader.findTemplateSource("nav.ftl"): Found
DEBUG main freemarker.cache - Loading template for "nav.ftl"("en", UTF-8, parsed) from "jar:file:/C:/Users/LENOVO/.m2/repository/com/aventstack/extentreports/3.1.2/extentreports-3.1.2.jar!/com/aventstack/extentreports/view/html-report/nav.ftl"
DEBUG main freemarker.cache - Couldn't find template in cache for "test-view/test-view.ftl"("en", UTF-8, parsed); will try to load it.
DEBUG main freemarker.cache - TemplateLoader.findTemplateSource("test-view/test-view_en.ftl"): Not found
DEBUG main freemarker.cache - TemplateLoader.findTemplateSource("test-view/test-view.ftl"): Found
DEBUG main freemarker.cache - Loading template for "test-view/test-view.ftl"("en", UTF-8, parsed) from "jar:file:/C:/Users/LENOVO/.m2/repository/com/aventstack/extentreports/3.1.2/extentreports-3.1.2.jar!/com/aventstack/extentreports/view/html-report/test-view/test-view.ftl"
DEBUG main freemarker.cache - Couldn't find template in cache for "test-view/test-view-charts.ftl"("en", UTF-8, parsed); will try to load it.
DEBUG main freemarker.cache - TemplateLoader.findTemplateSource("test-view/test-view-charts_en.ftl"): Not found
DEBUG main freemarker.cache - TemplateLoader.findTemplateSource("test-view/test-view-charts.ftl"): Found
DEBUG main freemarker.cache - Loading template for "test-view/test-view-charts.ftl"("en", UTF-8, parsed) from "jar:file:/C:/Users/LENOVO/.m2/repository/com/aventstack/extentreports/3.1.2/extentreports-3.1.2.jar!/com/aventstack/extentreports/view/html-report/test-view/test-view-charts.ftl"
DEBUG main freemarker.cache - Couldn't find template in cache for "test-view/standard.ftl"("en", UTF-8, parsed); will try to load it.
DEBUG main freemarker.cache - TemplateLoader.findTemplateSource("test-view/standard_en.ftl"): Not found
DEBUG main freemarker.cache - TemplateLoader.findTemplateSource("test-view/standard.ftl"): Found
DEBUG main freemarker.cache - Loading template for "test-view/standard.ftl"("en", UTF-8, parsed) from "jar:file:/C:/Users/LENOVO/.m2/repository/com/aventstack/extentreports/3.1.2/extentreports-3.1.2.jar!/com/aventstack/extentreports/view/html-report/test-view/standard.ftl"
DEBUG main freemarker.cache - Couldn't find template in cache for "category-view/category-view.ftl"("en", UTF-8, parsed); will try to load it.
DEBUG main freemarker.cache - TemplateLoader.findTemplateSource("category-view/category-view_en.ftl"): Not found
DEBUG main freemarker.cache - TemplateLoader.findTemplateSource("category-view/category-view.ftl"): Found
DEBUG main freemarker.cache - Loading template for "category-view/category-view.ftl"("en", UTF-8, parsed) from "jar:file:/C:/Users/LENOVO/.m2/repository/com/aventstack/extentreports/3.1.2/extentreports-3.1.2.jar!/com/aventstack/extentreports/view/html-report/category-view/category-view.ftl"
DEBUG main freemarker.cache - Couldn't find template in cache for "author-view/author-view.ftl"("en", UTF-8, parsed); will try to load it.
DEBUG main freemarker.cache - TemplateLoader.findTemplateSource("author-view/author-view_en.ftl"): Not found
DEBUG main freemarker.cache - TemplateLoader.findTemplateSource("author-view/author-view.ftl"): Found
DEBUG main freemarker.cache - Loading template for "author-view/author-view.ftl"("en", UTF-8, parsed) from "jar:file:/C:/Users/LENOVO/.m2/repository/com/aventstack/extentreports/3.1.2/extentreports-3.1.2.jar!/com/aventstack/extentreports/view/html-report/author-view/author-view.ftl"
DEBUG main freemarker.cache - Couldn't find template in cache for "exception-view/exception-view.ftl"("en", UTF-8, parsed); will try to load it.
DEBUG main freemarker.cache - TemplateLoader.findTemplateSource("exception-view/exception-view_en.ftl"): Not found
DEBUG main freemarker.cache - TemplateLoader.findTemplateSource("exception-view/exception-view.ftl"): Found
DEBUG main freemarker.cache - Loading template for "exception-view/exception-view.ftl"("en", UTF-8, parsed) from "jar:file:/C:/Users/LENOVO/.m2/repository/com/aventstack/extentreports/3.1.2/extentreports-3.1.2.jar!/com/aventstack/extentreports/view/html-report/exception-view/exception-view.ftl"
DEBUG main freemarker.cache - Couldn't find template in cache for "dashboard-view/dashboard-view.ftl"("en", UTF-8, parsed); will try to load it.
DEBUG main freemarker.cache - TemplateLoader.findTemplateSource("dashboard-view/dashboard-view_en.ftl"): Not found
DEBUG main freemarker.cache - TemplateLoader.findTemplateSource("dashboard-view/dashboard-view.ftl"): Found
DEBUG main freemarker.cache - Loading template for "dashboard-view/dashboard-view.ftl"("en", UTF-8, parsed) from "jar:file:/C:/Users/LENOVO/.m2/repository/com/aventstack/extentreports/3.1.2/extentreports-3.1.2.jar!/com/aventstack/extentreports/view/html-report/dashboard-view/dashboard-view.ftl"
DEBUG main freemarker.cache - Couldn't find template in cache for "logs-view/testrunner-logs-view.ftl"("en", UTF-8, parsed); will try to load it.
DEBUG main freemarker.cache - TemplateLoader.findTemplateSource("logs-view/testrunner-logs-view_en.ftl"): Not found
DEBUG main freemarker.cache - TemplateLoader.findTemplateSource("logs-view/testrunner-logs-view.ftl"): Found
DEBUG main freemarker.cache - Loading template for "logs-view/testrunner-logs-view.ftl"("en", UTF-8, parsed) from "jar:file:/C:/Users/LENOVO/.m2/repository/com/aventstack/extentreports/3.1.2/extentreports-3.1.2.jar!/com/aventstack/extentreports/view/html-report/logs-view/testrunner-logs-view.ftl"
DEBUG main io.netty.util.internal.logging.InternalLoggerFactory - Using Log4J as the default logging framework
DEBUG main io.netty.util.ResourceLeakDetector - -Dio.netty.leakDetection.level: simple
DEBUG main io.netty.util.ResourceLeakDetector - -Dio.netty.leakDetection.targetRecords: 4
DEBUG main io.netty.util.ResourceLeakDetectorFactory - Loaded default ResourceLeakDetector: io.netty.util.ResourceLeakDetector@37efd131
DEBUG main io.netty.util.internal.PlatformDependent0 - -Dio.netty.noUnsafe: false
DEBUG main io.netty.util.internal.PlatformDependent0 - Java version: 17
DEBUG main io.netty.util.internal.PlatformDependent0 - sun.misc.Unsafe.theUnsafe: available
DEBUG main io.netty.util.internal.PlatformDependent0 - sun.misc.Unsafe.copyMemory: available
DEBUG main io.netty.util.internal.PlatformDependent0 - java.nio.Buffer.address: available
DEBUG main io.netty.util.internal.PlatformDependent0 - direct buffer constructor: unavailable: Reflective setAccessible(true) disabled
DEBUG main io.netty.util.internal.PlatformDependent0 - java.nio.Bits.unaligned: available, true
DEBUG main io.netty.util.internal.PlatformDependent0 - jdk.internal.misc.Unsafe.allocateUninitializedArray(int): unavailable: class io.netty.util.internal.PlatformDependent0$6 cannot access class jdk.internal.misc.Unsafe (in module java.base) because module java.base does not export jdk.internal.misc to unnamed module @6eebc39e
DEBUG main io.netty.util.internal.PlatformDependent0 - java.nio.DirectByteBuffer.<init>(long, int): unavailable
DEBUG main io.netty.util.internal.PlatformDependent - sun.misc.Unsafe: available
DEBUG main io.netty.util.internal.PlatformDependent - maxDirectMemory: 970981376 bytes (maybe)
DEBUG main io.netty.util.internal.PlatformDependent - -Dio.netty.tmpdir: C:\Users\LENOVO\AppData\Local\Temp (java.io.tmpdir)
DEBUG main io.netty.util.internal.PlatformDependent - -Dio.netty.bitMode: 64 (sun.arch.data.model)
DEBUG main io.netty.util.internal.PlatformDependent - Platform: Windows
DEBUG main io.netty.util.internal.PlatformDependent - -Dio.netty.maxDirectMemory: -1 bytes
DEBUG main io.netty.util.internal.PlatformDependent - -Dio.netty.uninitializedArrayAllocationThreshold: -1
DEBUG main io.netty.util.internal.CleanerJava9 - java.nio.ByteBuffer.cleaner(): available
DEBUG main io.netty.util.internal.PlatformDependent - -Dio.netty.noPreferDirect: false
DEBUG main io.netty.util.internal.PlatformDependent - org.jctools-core.MpscChunkedArrayQueue: available
DEBUG main io.netty.util.internal.InternalThreadLocalMap - -Dio.netty.threadLocalMap.stringBuilder.initialSize: 1024
DEBUG main io.netty.util.internal.InternalThreadLocalMap - -Dio.netty.threadLocalMap.stringBuilder.maxSize: 4096
DEBUG main io.netty.handler.ssl.JdkSslContext - Default protocols (JDK): [TLSv1.3, TLSv1.2] 
DEBUG main io.netty.handler.ssl.JdkSslContext - Default cipher suites (JDK): [TLS_ECDHE_ECDSA_WITH_AES_256_GCM_SHA384, TLS_ECDHE_ECDSA_WITH_AES_128_GCM_SHA256, TLS_ECDHE_RSA_WITH_AES_128_GCM_SHA256, TLS_ECDHE_RSA_WITH_AES_256_GCM_SHA384, TLS_ECDHE_RSA_WITH_AES_128_CBC_SHA, TLS_ECDHE_RSA_WITH_AES_256_CBC_SHA, TLS_RSA_WITH_AES_128_GCM_SHA256, TLS_RSA_WITH_AES_128_CBC_SHA, TLS_RSA_WITH_AES_256_CBC_SHA, TLS_AES_128_GCM_SHA256, TLS_AES_256_GCM_SHA384]
DEBUG main io.netty.channel.MultithreadEventLoopGroup - -Dio.netty.eventLoopThreads: 8
DEBUG main io.netty.channel.nio.NioEventLoop - -Dio.netty.noKeySetOptimization: false
DEBUG main io.netty.channel.nio.NioEventLoop - -Dio.netty.selectorAutoRebuildThreshold: 512
DEBUG main io.netty.buffer.PooledByteBufAllocator - -Dio.netty.allocator.numHeapArenas: 8
DEBUG main io.netty.buffer.PooledByteBufAllocator - -Dio.netty.allocator.numDirectArenas: 8
DEBUG main io.netty.buffer.PooledByteBufAllocator - -Dio.netty.allocator.pageSize: 8192
DEBUG main io.netty.buffer.PooledByteBufAllocator - -Dio.netty.allocator.maxOrder: 11
DEBUG main io.netty.buffer.PooledByteBufAllocator - -Dio.netty.allocator.chunkSize: 16777216
DEBUG main io.netty.buffer.PooledByteBufAllocator - -Dio.netty.allocator.smallCacheSize: 256
DEBUG main io.netty.buffer.PooledByteBufAllocator - -Dio.netty.allocator.normalCacheSize: 64
DEBUG main io.netty.buffer.PooledByteBufAllocator - -Dio.netty.allocator.maxCachedBufferCapacity: 32768
DEBUG main io.netty.buffer.PooledByteBufAllocator - -Dio.netty.allocator.cacheTrimInterval: 8192
DEBUG main io.netty.buffer.PooledByteBufAllocator - -Dio.netty.allocator.cacheTrimIntervalMillis: 0
DEBUG main io.netty.buffer.PooledByteBufAllocator - -Dio.netty.allocator.useCacheForAllThreads: true
DEBUG main io.netty.buffer.PooledByteBufAllocator - -Dio.netty.allocator.maxCachedByteBuffersPerChunk: 1023
DEBUG main io.netty.buffer.ByteBufUtil - -Dio.netty.allocator.type: pooled
DEBUG main io.netty.buffer.ByteBufUtil - -Dio.netty.threadLocalDirectBufferSize: 0
DEBUG main io.netty.buffer.ByteBufUtil - -Dio.netty.maxThreadLocalCharBufferSize: 16384
DEBUG Forwarding newSession on session null to remote io.netty.channel.DefaultChannelId - -Dio.netty.processId: 8980 (auto-detected)
DEBUG Forwarding newSession on session null to remote io.netty.util.NetUtil - -Djava.net.preferIPv4Stack: false
DEBUG Forwarding newSession on session null to remote io.netty.util.NetUtil - -Djava.net.preferIPv6Addresses: false
DEBUG Forwarding newSession on session null to remote io.netty.util.NetUtilInitializations - Loopback interface: lo (Software Loopback Interface 1, 127.0.0.1)
DEBUG Forwarding newSession on session null to remote io.netty.util.NetUtil - Failed to get SOMAXCONN from sysctl and file \proc\sys\net\core\somaxconn. Default: 200
DEBUG Forwarding newSession on session null to remote io.netty.channel.DefaultChannelId - -Dio.netty.machineId: a4:4e:31:ff:fe:e0:da:90 (auto-detected)
DEBUG AsyncHttpClient-1-2 io.netty.buffer.AbstractByteBuf - -Dio.netty.buffer.checkAccessible: true
DEBUG AsyncHttpClient-1-2 io.netty.buffer.AbstractByteBuf - -Dio.netty.buffer.checkBounds: true
DEBUG AsyncHttpClient-1-2 io.netty.util.ResourceLeakDetectorFactory - Loaded default ResourceLeakDetector: io.netty.util.ResourceLeakDetector@51dcb069
DEBUG AsyncHttpClient-1-2 io.netty.util.Recycler - -Dio.netty.recycler.maxCapacityPerThread: 4096
DEBUG AsyncHttpClient-1-2 io.netty.util.Recycler - -Dio.netty.recycler.maxSharedCapacityFactor: 2
DEBUG AsyncHttpClient-1-2 io.netty.util.Recycler - -Dio.netty.recycler.linkCapacity: 16
DEBUG AsyncHttpClient-1-2 io.netty.util.Recycler - -Dio.netty.recycler.ratio: 8
DEBUG AsyncHttpClient-1-2 io.netty.util.Recycler - -Dio.netty.recycler.delayedQueue.ratio: 8
DEBUG AsyncHttpClient-1-2 io.netty.handler.codec.compression.Brotli - brotli4j not in the classpath; Brotli support will be unavailable.
DEBUG main io.netty.util.internal.ThreadLocalRandom - -Dio.netty.initialSeedUniquifier: 0xd5f49014176f1928
INFO main opencart - open home page
DEBUG main freemarker.cache - Couldn't find template in cache for "index.ftl"("en", UTF-8, parsed); will try to load it.
DEBUG main freemarker.cache - TemplateLoader.findTemplateSource("index_en.ftl"): Not found
DEBUG main freemarker.cache - TemplateLoader.findTemplateSource("index.ftl"): Found
DEBUG main freemarker.cache - Loading template for "index.ftl"("en", UTF-8, parsed) from "jar:file:/C:/Users/LENOVO/.m2/repository/com/aventstack/extentreports/3.1.2/extentreports-3.1.2.jar!/com/aventstack/extentreports/view/html-report/index.ftl"
DEBUG main freemarker.cache - Couldn't find template in cache for "head.ftl"("en", UTF-8, parsed); will try to load it.
DEBUG main freemarker.cache - TemplateLoader.findTemplateSource("head_en.ftl"): Not found
DEBUG main freemarker.cache - TemplateLoader.findTemplateSource("head.ftl"): Found
DEBUG main freemarker.cache - Loading template for "head.ftl"("en", UTF-8, parsed) from "jar:file:/C:/Users/LENOVO/.m2/repository/com/aventstack/extentreports/3.1.2/extentreports-3.1.2.jar!/com/aventstack/extentreports/view/html-report/head.ftl"
DEBUG main freemarker.cache - Couldn't find template in cache for "nav.ftl"("en", UTF-8, parsed); will try to load it.
DEBUG main freemarker.cache - TemplateLoader.findTemplateSource("nav_en.ftl"): Not found
DEBUG main freemarker.cache - TemplateLoader.findTemplateSource("nav.ftl"): Found
DEBUG main freemarker.cache - Loading template for "nav.ftl"("en", UTF-8, parsed) from "jar:file:/C:/Users/LENOVO/.m2/repository/com/aventstack/extentreports/3.1.2/extentreports-3.1.2.jar!/com/aventstack/extentreports/view/html-report/nav.ftl"
DEBUG main freemarker.cache - Couldn't find template in cache for "test-view/test-view.ftl"("en", UTF-8, parsed); will try to load it.
DEBUG main freemarker.cache - TemplateLoader.findTemplateSource("test-view/test-view_en.ftl"): Not found
DEBUG main freemarker.cache - TemplateLoader.findTemplateSource("test-view/test-view.ftl"): Found
DEBUG main freemarker.cache - Loading template for "test-view/test-view.ftl"("en", UTF-8, parsed) from "jar:file:/C:/Users/LENOVO/.m2/repository/com/aventstack/extentreports/3.1.2/extentreports-3.1.2.jar!/com/aventstack/extentreports/view/html-report/test-view/test-view.ftl"
DEBUG main freemarker.cache - Couldn't find template in cache for "test-view/test-view-charts.ftl"("en", UTF-8, parsed); will try to load it.
DEBUG main freemarker.cache - TemplateLoader.findTemplateSource("test-view/test-view-charts_en.ftl"): Not found
DEBUG main freemarker.cache - TemplateLoader.findTemplateSource("test-view/test-view-charts.ftl"): Found
DEBUG main freemarker.cache - Loading template for "test-view/test-view-charts.ftl"("en", UTF-8, parsed) from "jar:file:/C:/Users/LENOVO/.m2/repository/com/aventstack/extentreports/3.1.2/extentreports-3.1.2.jar!/com/aventstack/extentreports/view/html-report/test-view/test-view-charts.ftl"
DEBUG main freemarker.cache - Couldn't find template in cache for "test-view/standard.ftl"("en", UTF-8, parsed); will try to load it.
DEBUG main freemarker.cache - TemplateLoader.findTemplateSource("test-view/standard_en.ftl"): Not found
DEBUG main freemarker.cache - TemplateLoader.findTemplateSource("test-view/standard.ftl"): Found
DEBUG main freemarker.cache - Loading template for "test-view/standard.ftl"("en", UTF-8, parsed) from "jar:file:/C:/Users/LENOVO/.m2/repository/com/aventstack/extentreports/3.1.2/extentreports-3.1.2.jar!/com/aventstack/extentreports/view/html-report/test-view/standard.ftl"
DEBUG main freemarker.cache - Couldn't find template in cache for "category-view/category-view.ftl"("en", UTF-8, parsed); will try to load it.
DEBUG main freemarker.cache - TemplateLoader.findTemplateSource("category-view/category-view_en.ftl"): Not found
DEBUG main freemarker.cache - TemplateLoader.findTemplateSource("category-view/category-view.ftl"): Found
DEBUG main freemarker.cache - Loading template for "category-view/category-view.ftl"("en", UTF-8, parsed) from "jar:file:/C:/Users/LENOVO/.m2/repository/com/aventstack/extentreports/3.1.2/extentreports-3.1.2.jar!/com/aventstack/extentreports/view/html-report/category-view/category-view.ftl"
DEBUG main freemarker.cache - Couldn't find template in cache for "author-view/author-view.ftl"("en", UTF-8, parsed); will try to load it.
DEBUG main freemarker.cache - TemplateLoader.findTemplateSource("author-view/author-view_en.ftl"): Not found
DEBUG main freemarker.cache - TemplateLoader.findTemplateSource("author-view/author-view.ftl"): Found
DEBUG main freemarker.cache - Loading template for "author-view/author-view.ftl"("en", UTF-8, parsed) from "jar:file:/C:/Users/LENOVO/.m2/repository/com/aventstack/extentreports/3.1.2/extentreports-3.1.2.jar!/com/aventstack/extentreports/view/html-report/author-view/author-view.ftl"
DEBUG main freemarker.cache - Couldn't find template in cache for "exception-view/exception-view.ftl"("en", UTF-8, parsed); will try to load it.
DEBUG main freemarker.cache - TemplateLoader.findTemplateSource("exception-view/exception-view_en.ftl"): Not found
DEBUG main freemarker.cache - TemplateLoader.findTemplateSource("exception-view/exception-view.ftl"): Found
DEBUG main freemarker.cache - Loading template for "exception-view/exception-view.ftl"("en", UTF-8, parsed) from "jar:file:/C:/Users/LENOVO/.m2/repository/com/aventstack/extentreports/3.1.2/extentreports-3.1.2.jar!/com/aventstack/extentreports/view/html-report/exception-view/exception-view.ftl"
DEBUG main freemarker.cache - Couldn't find template in cache for "dashboard-view/dashboard-view.ftl"("en", UTF-8, parsed); will try to load it.
DEBUG main freemarker.cache - TemplateLoader.findTemplateSource("dashboard-view/dashboard-view_en.ftl"): Not found
DEBUG main freemarker.cache - TemplateLoader.findTemplateSource("dashboard-view/dashboard-view.ftl"): Found
DEBUG main freemarker.cache - Loading template for "dashboard-view/dashboard-view.ftl"("en", UTF-8, parsed) from "jar:file:/C:/Users/LENOVO/.m2/repository/com/aventstack/extentreports/3.1.2/extentreports-3.1.2.jar!/com/aventstack/extentreports/view/html-report/dashboard-view/dashboard-view.ftl"
DEBUG main freemarker.cache - Couldn't find template in cache for "logs-view/testrunner-logs-view.ftl"("en", UTF-8, parsed); will try to load it.
DEBUG main freemarker.cache - TemplateLoader.findTemplateSource("logs-view/testrunner-logs-view_en.ftl"): Not found
DEBUG main freemarker.cache - TemplateLoader.findTemplateSource("logs-view/testrunner-logs-view.ftl"): Found
DEBUG main freemarker.cache - Loading template for "logs-view/testrunner-logs-view.ftl"("en", UTF-8, parsed) from "jar:file:/C:/Users/LENOVO/.m2/repository/com/aventstack/extentreports/3.1.2/extentreports-3.1.2.jar!/com/aventstack/extentreports/view/html-report/logs-view/testrunner-logs-view.ftl"
